#
# There is insufficient memory for the Java Runtime Environment to continue.
# Native memory allocation (malloc) failed to allocate 32744 bytes for ChunkPool::allocate
# Possible reasons:
#   The system is out of physical RAM or swap space
#   In 32 bit mode, the process size limit was hit
# Possible solutions:
#   Reduce memory load on the system
#   Increase physical memory or swap space
#   Check if swap backing store is full
#   Use 64 bit Java on a 64 bit OS
#   Decrease Java heap size (-Xmx/-Xms)
#   Decrease number of Java threads
#   Decrease Java thread stack sizes (-Xss)
#   Set larger code cache with -XX:ReservedCodeCacheSize=
# This output file may be truncated or incomplete.
#
#  Out of Memory Error (allocation.cpp:273), pid=82336, tid=0x0000000000009620
#
# JRE version: OpenJDK Runtime Environment (8.0_76-b03) (build 1.8.0_76-release-b03)
# Java VM: OpenJDK 64-Bit Server VM (25.76-b03 mixed mode windows-amd64 compressed oops)
# Failed to write core dump. Minidumps are not enabled by default on client versions of Windows
#

---------------  T H R E A D  ---------------

Current thread (0x00000000169be000):  JavaThread "C2 CompilerThread1" daemon [_thread_in_native, id=38432, stack(0x0000000018130000,0x0000000018230000)]

Stack: [0x0000000018130000,0x0000000018230000]
[error occurred during error reporting (printing stack bounds), id 0xc0000005]

Native frames: (J=compiled Java code, j=interpreted, Vv=VM code, C=native code)


Current CompileTask:
C2: 210436 16773       4       com.android.dx.dex.file.DebugInfoEncoder::emitLocalsAtAddress (150 bytes)


---------------  P R O C E S S  ---------------

Java Threads: ( => current thread )
  0x000000001eb7c800 JavaThread "pool-86-thread-4" [_thread_new, id=76624, stack(0x0000000000000000,0x0000000000000000)]
  0x000000001eb81000 JavaThread "pool-86-thread-3" [_thread_new, id=81168, stack(0x0000000000000000,0x0000000000000000)]
  0x000000001eb7f000 JavaThread "pool-86-thread-2" [_thread_new, id=83152, stack(0x0000000000000000,0x0000000000000000)]
  0x0000000018988800 JavaThread "pool-87-thread-1" [_thread_new, id=81076, stack(0x0000000000000000,0x0000000000000000)]
  0x0000000018988000 JavaThread "pool-86-thread-1" [_thread_new, id=78332, stack(0x0000000000000000,0x0000000000000000)]
  0x0000000018985800 JavaThread "pool-83-thread-2" [_thread_new, id=65384, stack(0x0000000000000000,0x0000000000000000)]
  0x0000000018985000 JavaThread "pool-84-thread-1" [_thread_new, id=82688, stack(0x0000000000000000,0x0000000000000000)]
  0x0000000018987000 JavaThread "pool-83-thread-1" [_thread_new, id=81424, stack(0x0000000000000000,0x0000000000000000)]
  0x0000000018982800 JavaThread "pool-79-thread-1" [_thread_in_Java, id=80860, stack(0x000000002fbc0000,0x000000002fcc0000)]
  0x0000000018986800 JavaThread "pool-77-thread-4" [_thread_blocked, id=83536, stack(0x000000002f4c0000,0x000000002f5c0000)]
  0x0000000018983800 JavaThread "pool-77-thread-3" [_thread_blocked, id=81104, stack(0x000000002f3c0000,0x000000002f4c0000)]
  0x0000000018984000 JavaThread "pool-77-thread-2" [_thread_blocked, id=82356, stack(0x000000002f2c0000,0x000000002f3c0000)]
  0x000000001897a800 JavaThread "pool-78-thread-1" [_thread_blocked, id=79708, stack(0x000000002f1c0000,0x000000002f2c0000)]
  0x000000001eb7f800 JavaThread "pool-77-thread-1" [_thread_blocked, id=84672, stack(0x000000002f0c0000,0x000000002f1c0000)]
  0x000000001897b000 JavaThread "pool-9-thread-4" [_thread_blocked, id=85428, stack(0x0000000026dc0000,0x0000000026ec0000)]
  0x000000001897f800 JavaThread "pool-9-thread-1" [_thread_blocked, id=77456, stack(0x0000000026cc0000,0x0000000026dc0000)]
  0x000000001897e000 JavaThread "pool-9-thread-3" [_thread_blocked, id=70540, stack(0x0000000026bc0000,0x0000000026cc0000)]
  0x0000000018980800 JavaThread "pool-9-thread-2" [_thread_blocked, id=86496, stack(0x0000000026ac0000,0x0000000026bc0000)]
  0x000000001897f000 JavaThread "stdout" daemon [_thread_in_native, id=84764, stack(0x00000000258c0000,0x00000000259c0000)]
  0x000000001897c000 JavaThread "stderr" daemon [_thread_in_native, id=78392, stack(0x00000000257c0000,0x00000000258c0000)]
  0x000000001897d800 JavaThread "stdout" daemon [_thread_in_native, id=86412, stack(0x00000000256c0000,0x00000000257c0000)]
  0x000000001ba66800 JavaThread "stderr" daemon [_thread_in_native, id=86408, stack(0x00000000255c0000,0x00000000256c0000)]
  0x000000001ba66000 JavaThread "stdout" daemon [_thread_in_native, id=82904, stack(0x00000000254c0000,0x00000000255c0000)]
  0x000000001ba65000 JavaThread "stderr" daemon [_thread_in_native, id=80280, stack(0x00000000253c0000,0x00000000254c0000)]
  0x000000001ba64800 JavaThread "stdout" daemon [_thread_in_native, id=86388, stack(0x00000000252c0000,0x00000000253c0000)]
  0x000000001ba63800 JavaThread "stderr" daemon [_thread_in_native, id=86676, stack(0x00000000251c0000,0x00000000252c0000)]
  0x000000001ba5c000 JavaThread "stdout" daemon [_thread_in_native, id=86672, stack(0x00000000250c0000,0x00000000251c0000)]
  0x000000001ba63000 JavaThread "stderr" daemon [_thread_in_native, id=84832, stack(0x0000000024fc0000,0x00000000250c0000)]
  0x000000001ba62000 JavaThread "stdout" daemon [_thread_in_native, id=76312, stack(0x0000000024ec0000,0x0000000024fc0000)]
  0x000000001ba61800 JavaThread "stderr" daemon [_thread_in_native, id=81680, stack(0x0000000024dc0000,0x0000000024ec0000)]
  0x000000001ba59800 JavaThread "stdout" daemon [_thread_in_native, id=8888, stack(0x0000000024cc0000,0x0000000024dc0000)]
  0x000000001ba60800 JavaThread "stderr" daemon [_thread_in_native, id=79908, stack(0x0000000024bc0000,0x0000000024cc0000)]
  0x000000001ba5f800 JavaThread "stdout" daemon [_thread_in_native, id=82560, stack(0x0000000024ac0000,0x0000000024bc0000)]
  0x000000001ba5f000 JavaThread "stderr" daemon [_thread_in_native, id=80028, stack(0x00000000249c0000,0x0000000024ac0000)]
  0x000000001ba57800 JavaThread "stdout" daemon [_thread_in_native, id=80468, stack(0x00000000248c0000,0x00000000249c0000)]
  0x000000001ba5e000 JavaThread "stderr" daemon [_thread_in_native, id=64792, stack(0x00000000247c0000,0x00000000248c0000)]
  0x000000001ba5a800 JavaThread "stdout" daemon [_thread_in_native, id=86760, stack(0x00000000246c0000,0x00000000247c0000)]
  0x000000001ba5d800 JavaThread "stderr" daemon [_thread_in_native, id=84560, stack(0x00000000245c0000,0x00000000246c0000)]
  0x000000001ba58000 JavaThread "png-cruncher_15" daemon [_thread_blocked, id=85580, stack(0x00000000243c0000,0x00000000244c0000)]
  0x000000001ba59000 JavaThread "png-cruncher_14" daemon [_thread_blocked, id=80968, stack(0x00000000242c0000,0x00000000243c0000)]
  0x000000001ba5c800 JavaThread "png-cruncher_13" daemon [_thread_blocked, id=75768, stack(0x00000000241c0000,0x00000000242c0000)]
  0x000000001d149000 JavaThread "png-cruncher_12" daemon [_thread_blocked, id=84604, stack(0x00000000240c0000,0x00000000241c0000)]
  0x000000001d148000 JavaThread "png-cruncher_11" daemon [_thread_blocked, id=6980, stack(0x0000000023fc0000,0x00000000240c0000)]
  0x000000001d14a800 JavaThread "png-cruncher_10" daemon [_thread_blocked, id=82316, stack(0x0000000023ec0000,0x0000000023fc0000)]
  0x000000001d149800 JavaThread "png-cruncher_9" daemon [_thread_blocked, id=69644, stack(0x0000000023dc0000,0x0000000023ec0000)]
  0x000000001d140800 JavaThread "png-cruncher_8" daemon [_thread_blocked, id=79640, stack(0x0000000023cc0000,0x0000000023dc0000)]
  0x000000001d147800 JavaThread "png-cruncher_7" daemon [_thread_blocked, id=75980, stack(0x0000000023bc0000,0x0000000023cc0000)]
  0x000000001d146800 JavaThread "png-cruncher_6" daemon [_thread_blocked, id=83224, stack(0x0000000023ac0000,0x0000000023bc0000)]
  0x000000001d146000 JavaThread "stdout" daemon [_thread_in_native, id=86852, stack(0x00000000239c0000,0x0000000023ac0000)]
  0x000000001d13e000 JavaThread "stderr" daemon [_thread_in_native, id=83816, stack(0x00000000238c0000,0x00000000239c0000)]
  0x000000001d141800 JavaThread "stdout" daemon [_thread_in_native, id=85484, stack(0x00000000237c0000,0x00000000238c0000)]
  0x000000001d145000 JavaThread "stderr" daemon [_thread_in_native, id=57364, stack(0x00000000236c0000,0x00000000237c0000)]
  0x000000001d13d800 JavaThread "stdout" daemon [_thread_in_native, id=70760, stack(0x00000000235c0000,0x00000000236c0000)]
  0x000000001d143800 JavaThread "stderr" daemon [_thread_in_native, id=82684, stack(0x00000000234c0000,0x00000000235c0000)]
  0x000000001d144800 JavaThread "stdout" daemon [_thread_in_native, id=82384, stack(0x00000000233c0000,0x00000000234c0000)]
  0x000000001d13f800 JavaThread "stderr" daemon [_thread_in_native, id=77632, stack(0x00000000232c0000,0x00000000233c0000)]
  0x000000001d13c000 JavaThread "stdout" daemon [_thread_in_native, id=85420, stack(0x00000000231c0000,0x00000000232c0000)]
  0x000000001d142000 JavaThread "stderr" daemon [_thread_in_native, id=84460, stack(0x00000000230c0000,0x00000000231c0000)]
  0x000000001d13c800 JavaThread "png-cruncher_5" daemon [_thread_blocked, id=79624, stack(0x0000000022fc0000,0x00000000230c0000)]
  0x000000001d143000 JavaThread "png-cruncher_4" daemon [_thread_blocked, id=69424, stack(0x0000000022ec0000,0x0000000022fc0000)]
  0x000000001d13b000 JavaThread "png-cruncher_3" daemon [_thread_blocked, id=86736, stack(0x0000000022dc0000,0x0000000022ec0000)]
  0x000000001d13f000 JavaThread "png-cruncher_2" daemon [_thread_blocked, id=64252, stack(0x0000000022cc0000,0x0000000022dc0000)]
  0x000000001d123000 JavaThread "png-cruncher_1" daemon [_thread_blocked, id=86180, stack(0x0000000022bc0000,0x0000000022cc0000)]
  0x000000001d122800 JavaThread "pool-3-thread-4" [_thread_blocked, id=64680, stack(0x0000000022ac0000,0x0000000022bc0000)]
  0x000000001d121000 JavaThread "pool-3-thread-3" [_thread_blocked, id=82260, stack(0x00000000229c0000,0x0000000022ac0000)]
  0x000000001d120000 JavaThread "pool-3-thread-2" [_thread_blocked, id=78464, stack(0x00000000228c0000,0x00000000229c0000)]
  0x000000001d127000 JavaThread "pool-3-thread-1" [_thread_blocked, id=84080, stack(0x00000000223a0000,0x00000000224a0000)]
  0x0000000019a23800 JavaThread "File lock request listener" [_thread_in_native, id=84232, stack(0x000000001da30000,0x000000001db30000)]
  0x0000000019aa9800 JavaThread "Asynchronous log dispatcher for org.gradle.launcher.daemon.server.DefaultDaemonConnection@548a0c51" [_thread_blocked, id=57248, stack(0x000000001b090000,0x000000001b190000)]
  0x0000000019b0c800 JavaThread "Daemon worker" [_thread_blocked, id=72548, stack(0x000000001af90000,0x000000001b090000)]
  0x0000000019b08000 JavaThread "Cancel handler" [_thread_blocked, id=68680, stack(0x000000001ae90000,0x000000001af90000)]
  0x00000000194fd800 JavaThread "Handler for socket connection from /127.0.0.1:1833 to /127.0.0.1:1834" [_thread_in_native, id=64992, stack(0x000000001ad90000,0x000000001ae90000)]
  0x0000000019afc800 JavaThread "Daemon" [_thread_blocked, id=84664, stack(0x000000001ac90000,0x000000001ad90000)]
  0x0000000019b12000 JavaThread "pool-1-thread-1" [_thread_blocked, id=82676, stack(0x000000001ab90000,0x000000001ac90000)]
  0x000000001963d800 JavaThread "Incoming local TCP Connector on port 1833" [_thread_in_native, id=81272, stack(0x000000001a4a0000,0x000000001a5a0000)]
  0x0000000018357000 JavaThread "Service Thread" daemon [_thread_blocked, id=57416, stack(0x0000000018730000,0x0000000018830000)]
  0x00000000169c3000 JavaThread "C1 CompilerThread2" daemon [_thread_blocked, id=82568, stack(0x0000000018230000,0x0000000018330000)]
=>0x00000000169be000 JavaThread "C2 CompilerThread1" daemon [_thread_in_native, id=38432, stack(0x0000000018130000,0x0000000018230000)]
  0x00000000169bc000 JavaThread "C2 CompilerThread0" daemon [_thread_in_native, id=84156, stack(0x0000000018030000,0x0000000018130000)]
  0x00000000169ba800 JavaThread "Attach Listener" daemon [_thread_blocked, id=82756, stack(0x0000000017f30000,0x0000000018030000)]
  0x00000000169b9000 JavaThread "Signal Dispatcher" daemon [_thread_blocked, id=80844, stack(0x0000000017e30000,0x0000000017f30000)]
  0x00000000169a8800 JavaThread "Finalizer" daemon [_thread_blocked, id=84192, stack(0x0000000017c20000,0x0000000017d20000)]
  0x0000000003040000 JavaThread "Reference Handler" daemon [_thread_blocked, id=86796, stack(0x0000000017b20000,0x0000000017c20000)]
  0x0000000002f50800 JavaThread "main" [_thread_blocked, id=81140, stack(0x0000000002e40000,0x0000000002f40000)]

Other Threads:
  0x0000000016986800 VMThread [stack: 0x0000000017a20000,0x0000000017b20000] [id=84048]
  0x0000000018357800 WatcherThread [stack: 0x0000000018830000,0x0000000018930000] [id=65352]

VM state:not at safepoint (normal execution)

VM Mutex/Monitor currently owned by a thread: None

Heap:
 PSYoungGen      total 362496K, used 351730K [0x00000000e0000000, 0x00000000f8300000, 0x0000000100000000)
  eden space 328704K, 96% used [0x00000000e0000000,0x00000000f36825d8,0x00000000f4100000)
  from space 33792K, 99% used [0x00000000f4100000,0x00000000f61fa3b0,0x00000000f6200000)
  to   space 33280K, 0% used [0x00000000f6200000,0x00000000f6200000,0x00000000f8280000)
 ParOldGen       total 167936K, used 137069K [0x00000000a0000000, 0x00000000aa400000, 0x00000000e0000000)
  object space 167936K, 81% used [0x00000000a0000000,0x00000000a85db758,0x00000000aa400000)
 Metaspace       used 65862K, capacity 67506K, committed 67840K, reserved 1107968K
  class space    used 8209K, capacity 8595K, committed 8704K, reserved 1048576K

Card table byte_map: [0x0000000012410000,0x0000000012720000] byte_map_base: 0x0000000011f10000

Marking Bits: (ParMarkBitMap*) 0x00000000693f9d00
 Begin Bits: [0x0000000012d20000, 0x0000000014520000)
 End Bits:   [0x0000000014520000, 0x0000000015d20000)

Polling page: 0x00000000017a0000

CodeCache: size=245760Kb used=47437Kb max_used=47438Kb free=198322Kb
 bounds [0x0000000003050000, 0x0000000005ef0000, 0x0000000012050000]
 total_blobs=13483 nmethods=12738 adapters=656
 compilation: enabled

Compilation events (10 events):
Event: 209.865 Thread 0x00000000169c3000 16823   !   3       com.android.dx.cf.code.Ropper::processBlock (1101 bytes)
Event: 209.877 Thread 0x00000000169c3000 nmethod 16823 0x00000000059e3cd0 code [0x00000000059e4860, 0x00000000059ee958]
Event: 209.877 Thread 0x00000000169c3000 16825   !   2       java.util.concurrent.ConcurrentHashMap$TreeBin::putTreeVal (371 bytes)
Event: 209.878 Thread 0x00000000169c3000 nmethod 16825 0x00000000059e2cd0 code [0x00000000059e2ec0, 0x00000000059e3798]
Event: 210.165 Thread 0x00000000169c3000 16828       2       com.android.dx.dex.file.EncodedArrayItem::addContents (9 bytes)
Event: 210.166 Thread 0x00000000169c3000 nmethod 16828 0x0000000005790e90 code [0x0000000005791000, 0x0000000005791188]
Event: 210.236 Thread 0x00000000169c3000 16829       2       java.util.concurrent.ConcurrentHashMap$TreeBin::<init> (259 bytes)
Event: 210.237 Thread 0x00000000169c3000 nmethod 16829 0x00000000059e2190 code [0x00000000059e2340, 0x00000000059e2938]
Event: 210.267 Thread 0x00000000169c3000 16830       2       com.android.build.gradle.internal.incremental.InstantRunBuildContext$Artifact::toXml (44 bytes)
Event: 210.268 Thread 0x00000000169c3000 nmethod 16830 0x00000000059e1bd0 code [0x00000000059e1d80, 0x00000000059e1fe8]

GC Heap History (10 events):
Event: 195.673 GC heap before
{Heap before GC invocations=25 (full 3):
 PSYoungGen      total 362496K, used 361571K [0x00000000e0000000, 0x00000000f8300000, 0x0000000100000000)
  eden space 328704K, 100% used [0x00000000e0000000,0x00000000f4100000,0x00000000f4100000)
  from space 33792K, 97% used [0x00000000f4100000,0x00000000f6118d38,0x00000000f6200000)
  to   space 33280K, 0% used [0x00000000f6200000,0x00000000f6200000,0x00000000f8280000)
 ParOldGen       total 167936K, used 94795K [0x00000000a0000000, 0x00000000aa400000, 0x00000000e0000000)
  object space 167936K, 56% used [0x00000000a0000000,0x00000000a5c92e78,0x00000000aa400000)
 Metaspace       used 65796K, capacity 67468K, committed 67840K, reserved 1107968K
  class space    used 8211K, capacity 8602K, committed 8704K, reserved 1048576K
Event: 195.743 GC heap after
Heap after GC invocations=25 (full 3):
 PSYoungGen      total 361984K, used 9866K [0x00000000e0000000, 0x00000000f8300000, 0x0000000100000000)
  eden space 328704K, 0% used [0x00000000e0000000,0x00000000e0000000,0x00000000f4100000)
  from space 33280K, 29% used [0x00000000f6200000,0x00000000f6ba2b50,0x00000000f8280000)
  to   space 33792K, 0% used [0x00000000f4100000,0x00000000f4100000,0x00000000f6200000)
 ParOldGen       total 167936K, used 101573K [0x00000000a0000000, 0x00000000aa400000, 0x00000000e0000000)
  object space 167936K, 60% used [0x00000000a0000000,0x00000000a63317c8,0x00000000aa400000)
 Metaspace       used 65796K, capacity 67468K, committed 67840K, reserved 1107968K
  class space    used 8211K, capacity 8602K, committed 8704K, reserved 1048576K
}
Event: 202.304 GC heap before
{Heap before GC invocations=26 (full 3):
 PSYoungGen      total 361984K, used 338570K [0x00000000e0000000, 0x00000000f8300000, 0x0000000100000000)
  eden space 328704K, 100% used [0x00000000e0000000,0x00000000f4100000,0x00000000f4100000)
  from space 33280K, 29% used [0x00000000f6200000,0x00000000f6ba2b50,0x00000000f8280000)
  to   space 33792K, 0% used [0x00000000f4100000,0x00000000f4100000,0x00000000f6200000)
 ParOldGen       total 167936K, used 101573K [0x00000000a0000000, 0x00000000aa400000, 0x00000000e0000000)
  object space 167936K, 60% used [0x00000000a0000000,0x00000000a63317c8,0x00000000aa400000)
 Metaspace       used 65835K, capacity 67532K, committed 67840K, reserved 1107968K
  class space    used 8212K, capacity 8602K, committed 8704K, reserved 1048576K
Event: 202.532 GC heap after
Heap after GC invocations=26 (full 3):
 PSYoungGen      total 362496K, used 28934K [0x00000000e0000000, 0x00000000f8300000, 0x0000000100000000)
  eden space 328704K, 0% used [0x00000000e0000000,0x00000000e0000000,0x00000000f4100000)
  from space 33792K, 85% used [0x00000000f4100000,0x00000000f5d41b50,0x00000000f6200000)
  to   space 33280K, 0% used [0x00000000f6200000,0x00000000f6200000,0x00000000f8280000)
 ParOldGen       total 167936K, used 105694K [0x00000000a0000000, 0x00000000aa400000, 0x00000000e0000000)
  object space 167936K, 62% used [0x00000000a0000000,0x00000000a6737958,0x00000000aa400000)
 Metaspace       used 65835K, capacity 67532K, committed 67840K, reserved 1107968K
  class space    used 8212K, capacity 8602K, committed 8704K, reserved 1048576K
}
Event: 204.592 GC heap before
{Heap before GC invocations=27 (full 3):
 PSYoungGen      total 362496K, used 357638K [0x00000000e0000000, 0x00000000f8300000, 0x0000000100000000)
  eden space 328704K, 100% used [0x00000000e0000000,0x00000000f4100000,0x00000000f4100000)
  from space 33792K, 85% used [0x00000000f4100000,0x00000000f5d41b50,0x00000000f6200000)
  to   space 33280K, 0% used [0x00000000f6200000,0x00000000f6200000,0x00000000f8280000)
 ParOldGen       total 167936K, used 105694K [0x00000000a0000000, 0x00000000aa400000, 0x00000000e0000000)
  object space 167936K, 62% used [0x00000000a0000000,0x00000000a6737958,0x00000000aa400000)
 Metaspace       used 65846K, capacity 67532K, committed 67840K, reserved 1107968K
  class space    used 8212K, capacity 8602K, committed 8704K, reserved 1048576K
Event: 204.808 GC heap after
Heap after GC invocations=27 (full 3):
 PSYoungGen      total 361984K, used 33272K [0x00000000e0000000, 0x00000000f8300000, 0x0000000100000000)
  eden space 328704K, 0% used [0x00000000e0000000,0x00000000e0000000,0x00000000f4100000)
  from space 33280K, 99% used [0x00000000f6200000,0x00000000f827e090,0x00000000f8280000)
  to   space 33792K, 0% used [0x00000000f4100000,0x00000000f4100000,0x00000000f6200000)
 ParOldGen       total 167936K, used 144074K [0x00000000a0000000, 0x00000000aa400000, 0x00000000e0000000)
  object space 167936K, 85% used [0x00000000a0000000,0x00000000a8cb28e8,0x00000000aa400000)
 Metaspace       used 65846K, capacity 67532K, committed 67840K, reserved 1107968K
  class space    used 8212K, capacity 8602K, committed 8704K, reserved 1048576K
}
Event: 204.808 GC heap before
{Heap before GC invocations=28 (full 4):
 PSYoungGen      total 361984K, used 33272K [0x00000000e0000000, 0x00000000f8300000, 0x0000000100000000)
  eden space 328704K, 0% used [0x00000000e0000000,0x00000000e0000000,0x00000000f4100000)
  from space 33280K, 99% used [0x00000000f6200000,0x00000000f827e090,0x00000000f8280000)
  to   space 33792K, 0% used [0x00000000f4100000,0x00000000f4100000,0x00000000f6200000)
 ParOldGen       total 167936K, used 144074K [0x00000000a0000000, 0x00000000aa400000, 0x00000000e0000000)
  object space 167936K, 85% used [0x00000000a0000000,0x00000000a8cb28e8,0x00000000aa400000)
 Metaspace       used 65846K, capacity 67532K, committed 67840K, reserved 1107968K
  class space    used 8212K, capacity 8602K, committed 8704K, reserved 1048576K
Event: 206.187 GC heap after
Heap after GC invocations=28 (full 4):
 PSYoungGen      total 361984K, used 0K [0x00000000e0000000, 0x00000000f8300000, 0x0000000100000000)
  eden space 328704K, 0% used [0x00000000e0000000,0x00000000e0000000,0x00000000f4100000)
  from space 33280K, 0% used [0x00000000f6200000,0x00000000f6200000,0x00000000f8280000)
  to   space 33792K, 0% used [0x00000000f4100000,0x00000000f4100000,0x00000000f6200000)
 ParOldGen       total 167936K, used 132259K [0x00000000a0000000, 0x00000000aa400000, 0x00000000e0000000)
  object space 167936K, 78% used [0x00000000a0000000,0x00000000a8128fe0,0x00000000aa400000)
 Metaspace       used 65836K, capacity 67506K, committed 67840K, reserved 1107968K
  class space    used 8208K, capacity 8595K, committed 8704K, reserved 1048576K
}
Event: 208.779 GC heap before
{Heap before GC invocations=29 (full 4):
 PSYoungGen      total 361984K, used 328704K [0x00000000e0000000, 0x00000000f8300000, 0x0000000100000000)
  eden space 328704K, 100% used [0x00000000e0000000,0x00000000f4100000,0x00000000f4100000)
  from space 33280K, 0% used [0x00000000f6200000,0x00000000f6200000,0x00000000f8280000)
  to   space 33792K, 0% used [0x00000000f4100000,0x00000000f4100000,0x00000000f6200000)
 ParOldGen       total 167936K, used 132259K [0x00000000a0000000, 0x00000000aa400000, 0x00000000e0000000)
  object space 167936K, 78% used [0x00000000a0000000,0x00000000a8128fe0,0x00000000aa400000)
 Metaspace       used 65850K, capacity 67506K, committed 67840K, reserved 1107968K
  class space    used 8209K, capacity 8595K, committed 8704K, reserved 1048576K
Event: 208.985 GC heap after
Heap after GC invocations=29 (full 4):
 PSYoungGen      total 362496K, used 33768K [0x00000000e0000000, 0x00000000f8300000, 0x0000000100000000)
  eden space 328704K, 0% used [0x00000000e0000000,0x00000000e0000000,0x00000000f4100000)
  from space 33792K, 99% used [0x00000000f4100000,0x00000000f61fa3b0,0x00000000f6200000)
  to   space 33280K, 0% used [0x00000000f6200000,0x00000000f6200000,0x00000000f8280000)
 ParOldGen       total 167936K, used 137069K [0x00000000a0000000, 0x00000000aa400000, 0x00000000e0000000)
  object space 167936K, 81% used [0x00000000a0000000,0x00000000a85db758,0x00000000aa400000)
 Metaspace       used 65850K, capacity 67506K, committed 67840K, reserved 1107968K
  class space    used 8209K, capacity 8595K, committed 8704K, reserved 1048576K
}

Deoptimization events (10 events):
Event: 209.096 Thread 0x0000000018987000 Uncommon trap: reason=unstable_if action=reinterpret pc=0x0000000005a8703c method=com.android.dx.rop.code.LocalItem.compareHandlesNulls(Lcom/android/dx/rop/cst/CstString;Lcom/android/dx/rop/cst/CstString;)I @ 14
Event: 209.262 Thread 0x0000000018988800 Uncommon trap: reason=bimorphic action=maybe_recompile pc=0x00000000056e190c method=com.android.dx.ssa.back.FirstFitLocalCombiningAllocator.findNextUnreservedRopReg(IILcom/android/dx/ssa/back/FirstFitLocalCombiningAllocator$Alignment;)I @ 60
Event: 209.262 Thread 0x0000000018988800 Uncommon trap: reason=bimorphic action=maybe_recompile pc=0x00000000056e190c method=com.android.dx.ssa.back.FirstFitLocalCombiningAllocator.findNextUnreservedRopReg(IILcom/android/dx/ssa/back/FirstFitLocalCombiningAllocator$Alignment;)I @ 60
Event: 209.262 Thread 0x0000000018988800 Uncommon trap: reason=bimorphic action=maybe_recompile pc=0x00000000056e190c method=com.android.dx.ssa.back.FirstFitLocalCombiningAllocator.findNextUnreservedRopReg(IILcom/android/dx/ssa/back/FirstFitLocalCombiningAllocator$Alignment;)I @ 60
Event: 209.262 Thread 0x0000000018988800 Uncommon trap: reason=class_check action=maybe_recompile pc=0x0000000005ea5584 method=com.android.dx.ssa.back.FirstFitLocalCombiningAllocator.findNextUnreservedRopReg(IILcom/android/dx/ssa/back/FirstFitLocalCombiningAllocator$Alignment;)I @ 60
Event: 209.263 Thread 0x0000000018988800 Uncommon trap: reason=bimorphic action=maybe_recompile pc=0x00000000056e190c method=com.android.dx.ssa.back.FirstFitLocalCombiningAllocator.findNextUnreservedRopReg(IILcom/android/dx/ssa/back/FirstFitLocalCombiningAllocator$Alignment;)I @ 60
Event: 209.263 Thread 0x0000000018988800 Uncommon trap: reason=class_check action=maybe_recompile pc=0x0000000005ea5584 method=com.android.dx.ssa.back.FirstFitLocalCombiningAllocator.findNextUnreservedRopReg(IILcom/android/dx/ssa/back/FirstFitLocalCombiningAllocator$Alignment;)I @ 60
Event: 209.857 Thread 0x0000000018986800 Uncommon trap: reason=unstable_if action=reinterpret pc=0x0000000003ccb368 method=com.android.dx.cf.code.Ropper.processBlock(Lcom/android/dx/cf/code/ByteBlock;Lcom/android/dx/cf/code/Frame;[I)V @ 651
Event: 209.862 Thread 0x0000000018986800 Uncommon trap: reason=unstable_if action=reinterpret pc=0x00000000056dafc8 method=java.util.concurrent.ConcurrentHashMap$TreeBin.putTreeVal(ILjava/lang/Object;Ljava/lang/Object;)Ljava/util/concurrent/ConcurrentHashMap$TreeNode; @ 186
Event: 210.000 Thread 0x0000000018984000 Uncommon trap: reason=class_check action=maybe_recompile pc=0x0000000005ea5584 method=com.android.dx.ssa.back.FirstFitLocalCombiningAllocator.findNextUnreservedRopReg(IILcom/android/dx/ssa/back/FirstFitLocalCombiningAllocator$Alignment;)I @ 60

Internal exceptions (10 events):
Event: 137.533 Thread 0x000000001d122800 Exception <a 'sun/nio/fs/WindowsException'> (0x00000000e9344768) thrown at [C:\src\android\AOSP-openjdk\external\jetbrains\jdk\hotspot\src\share\vm\prims\jni.cpp, line 709]
Event: 137.533 Thread 0x000000001d120000 Implicit null exception at 0x0000000003325ef2 to 0x00000000033260c1
Event: 137.533 Thread 0x000000001d122800 Implicit null exception at 0x0000000003325ef2 to 0x00000000033260c1
Event: 137.534 Thread 0x000000001d120000 Exception <a 'sun/nio/fs/WindowsException'> (0x00000000e93d00e0) thrown at [C:\src\android\AOSP-openjdk\external\jetbrains\jdk\hotspot\src\share\vm\prims\jni.cpp, line 709]
Event: 137.534 Thread 0x000000001d122800 Exception <a 'sun/nio/fs/WindowsException'> (0x00000000e9345740) thrown at [C:\src\android\AOSP-openjdk\external\jetbrains\jdk\hotspot\src\share\vm\prims\jni.cpp, line 709]
Event: 139.958 Thread 0x0000000019b0c800 Exception <a 'java/io/FileNotFoundException'> (0x00000000ee4ea0c0) thrown at [C:\src\android\AOSP-openjdk\external\jetbrains\jdk\hotspot\src\share\vm\prims\jni.cpp, line 709]
Event: 185.057 Thread 0x000000001eb7c800 Implicit null exception at 0x0000000004ddfde2 to 0x0000000004ddfeda
Event: 185.576 Thread 0x000000001eb7c000 Implicit null exception at 0x00000000047556a0 to 0x000000000475623d
Event: 193.473 Thread 0x0000000018983800 Implicit null exception at 0x00000000059cbfcc to 0x00000000059cc529
Event: 209.096 Thread 0x0000000018987000 Implicit null exception at 0x0000000005a86603 to 0x0000000005a87011

Events (10 events):
Event: 210.000 Thread 0x0000000018984000 DEOPT PACKING pc=0x0000000005ea5584 sp=0x000000002f3beae0
Event: 210.000 Thread 0x0000000018984000 DEOPT UNPACKING pc=0x000000000309556a sp=0x000000002f3bea30 mode 2
Event: 210.279 Thread 0x0000000018987000 Thread added: 0x0000000018987000
Event: 210.279 Thread 0x0000000018985000 Thread added: 0x0000000018985000
Event: 210.279 Thread 0x0000000018985800 Thread added: 0x0000000018985800
Event: 210.280 Thread 0x0000000018988000 Thread added: 0x0000000018988000
Event: 210.280 Thread 0x0000000018988800 Thread added: 0x0000000018988800
Event: 210.280 Thread 0x000000001eb7f000 Thread added: 0x000000001eb7f000
Event: 210.281 Thread 0x000000001eb81000 Thread added: 0x000000001eb81000
Event: 210.281 Thread 0x000000001eb7c800 Thread added: 0x000000001eb7c800


Dynamic libraries:
0x00007ff77da30000 - 0x00007ff77da61000 	C:\Program Files\Android\Android Studio\jre\bin\java.exe
0x00007ffa53e90000 - 0x00007ffa54061000 	C:\WINDOWS\SYSTEM32\ntdll.dll
0x00007ffa51420000 - 0x00007ffa514cc000 	C:\WINDOWS\System32\KERNEL32.DLL
0x00007ffa50e50000 - 0x00007ffa5106d000 	C:\WINDOWS\System32\KERNELBASE.dll
0x00007ffa51a20000 - 0x00007ffa51ac2000 	C:\WINDOWS\System32\ADVAPI32.dll
0x00007ffa52660000 - 0x00007ffa526fe000 	C:\WINDOWS\System32\msvcrt.dll
0x00007ffa51ad0000 - 0x00007ffa51b29000 	C:\WINDOWS\System32\sechost.dll
0x00007ffa520a0000 - 0x00007ffa521c1000 	C:\WINDOWS\System32\RPCRT4.dll
0x00007ffa523d0000 - 0x00007ffa52535000 	C:\WINDOWS\System32\USER32.dll
0x00007ffa51400000 - 0x00007ffa5141e000 	C:\WINDOWS\System32\win32u.dll
0x00007ffa51fd0000 - 0x00007ffa52004000 	C:\WINDOWS\System32\GDI32.dll
0x00007ffa50c20000 - 0x00007ffa50da0000 	C:\WINDOWS\System32\gdi32full.dll
0x00007ffa40a40000 - 0x00007ffa40cba000 	C:\WINDOWS\WinSxS\amd64_microsoft.windows.common-controls_6595b64144ccf1df_6.0.14393.953_none_42151e83c686086b\COMCTL32.dll
0x00007ffa51750000 - 0x00007ffa51a18000 	C:\WINDOWS\System32\combase.dll
0x00007ffa50390000 - 0x00007ffa50485000 	C:\WINDOWS\System32\ucrtbase.dll
0x00007ffa510d0000 - 0x00007ffa5113a000 	C:\WINDOWS\System32\bcryptPrimitives.dll
0x00007ffa52070000 - 0x00007ffa5209e000 	C:\WINDOWS\System32\IMM32.DLL
0x00000000689f0000 - 0x0000000068ac2000 	C:\Program Files\Android\Android Studio\jre\jre\bin\msvcr100.dll
0x0000000068c40000 - 0x0000000069474000 	C:\Program Files\Android\Android Studio\jre\jre\bin\server\jvm.dll
0x00007ffa51560000 - 0x00007ffa51568000 	C:\WINDOWS\System32\PSAPI.DLL
0x00007ffa4e830000 - 0x00007ffa4e83a000 	C:\WINDOWS\SYSTEM32\VERSION.dll
0x00007ffa4ddd0000 - 0x00007ffa4ddf3000 	C:\WINDOWS\SYSTEM32\WINMM.dll
0x00007ffa41cc0000 - 0x00007ffa41cc9000 	C:\WINDOWS\SYSTEM32\WSOCK32.dll
0x00007ffa51b30000 - 0x00007ffa51b9a000 	C:\WINDOWS\System32\WS2_32.dll
0x00007ffa4dc30000 - 0x00007ffa4dc5b000 	C:\WINDOWS\SYSTEM32\WINMMBASE.dll
0x00007ffa511e0000 - 0x00007ffa51222000 	C:\WINDOWS\System32\cfgmgr32.dll
0x00007ffa4ee80000 - 0x00007ffa4ee8f000 	C:\Program Files\Android\Android Studio\jre\jre\bin\verify.dll
0x00007ffa4bb20000 - 0x00007ffa4bb49000 	C:\Program Files\Android\Android Studio\jre\jre\bin\java.dll
0x00007ffa4a3b0000 - 0x00007ffa4a3c6000 	C:\Program Files\Android\Android Studio\jre\jre\bin\zip.dll
0x00007ffa52870000 - 0x00007ffa53d78000 	C:\WINDOWS\System32\SHELL32.dll
0x00007ffa50540000 - 0x00007ffa50c1a000 	C:\WINDOWS\System32\windows.storage.dll
0x00007ffa50340000 - 0x00007ffa5038c000 	C:\WINDOWS\System32\powrprof.dll
0x00007ffa52370000 - 0x00007ffa523c2000 	C:\WINDOWS\System32\shlwapi.dll
0x00007ffa50300000 - 0x00007ffa5030f000 	C:\WINDOWS\System32\kernel.appcore.dll
0x00007ffa50490000 - 0x00007ffa50539000 	C:\WINDOWS\System32\shcore.dll
0x00007ffa50320000 - 0x00007ffa50334000 	C:\WINDOWS\System32\profapi.dll
0x00007ffa48560000 - 0x00007ffa4857a000 	C:\Program Files\Android\Android Studio\jre\jre\bin\net.dll
0x00007ffa4f8d0000 - 0x00007ffa4f92c000 	C:\WINDOWS\system32\mswsock.dll
0x00007ffa44650000 - 0x00007ffa44661000 	C:\Program Files\Android\Android Studio\jre\jre\bin\nio.dll
0x00007ffa43960000 - 0x00007ffa43972000 	C:\Users\Zareh Hakobian\.gradle\native\19\windows-amd64\native-platform.dll
0x00007ffa4fd90000 - 0x00007ffa4fda7000 	C:\WINDOWS\SYSTEM32\CRYPTSP.dll
0x00007ffa4f4d0000 - 0x00007ffa4f503000 	C:\WINDOWS\system32\rsaenh.dll
0x00007ffa4fc70000 - 0x00007ffa4fc9b000 	C:\WINDOWS\SYSTEM32\bcrypt.dll
0x00007ffa4f750000 - 0x00007ffa4f76f000 	C:\WINDOWS\SYSTEM32\USERENV.dll
0x00007ffa4fa70000 - 0x00007ffa4fa7b000 	C:\WINDOWS\SYSTEM32\CRYPTBASE.dll
0x00007ffa4f650000 - 0x00007ffa4f688000 	C:\WINDOWS\SYSTEM32\IPHLPAPI.DLL
0x00007ffa53d80000 - 0x00007ffa53d88000 	C:\WINDOWS\System32\NSI.dll
0x00007ffa49500000 - 0x00007ffa49516000 	C:\WINDOWS\SYSTEM32\dhcpcsvc6.DLL
0x00007ffa49570000 - 0x00007ffa4958a000 	C:\WINDOWS\SYSTEM32\dhcpcsvc.DLL
0x00007ffa4ec80000 - 0x00007ffa4ec8d000 	C:\Program Files\Android\Android Studio\jre\jre\bin\management.dll
0x00007ffa4f3a0000 - 0x00007ffa4f3d2000 	C:\WINDOWS\SYSTEM32\ntmarta.dll

VM Arguments:
jvm_args: -Xmx1536m -Dfile.encoding=windows-1252 -Duser.country=AT -Duser.language=de -Duser.variant 
java_command: org.gradle.launcher.daemon.bootstrap.GradleDaemon 2.14.1
java_class_path (initial): C:\Program Files\Android\Android Studio\gradle\gradle-2.14.1\lib\gradle-launcher-2.14.1.jar
Launcher Type: SUN_STANDARD

Environment Variables:
PATH=C:\ProgramData\Oracle\Java\javapath;C:\Program Files (x86)\Lenovo\FusionEngine;C:\Windows\system32;C:\Windows;C:\Windows\System32\Wbem;C:\Windows\System32\WindowsPowerShell\v1.0\;C:\Program Files (x86)\Common Files\lenovo\easyplussdk\bin;C:\Program Files (x86)\NVIDIA Corporation\PhysX\Common;C:\Program Files\Intel\WiFi\bin\;C:\Program Files\Common Files\Intel\WirelessCommon\;C:\Program Files (x86)\GtkSharp\2.12\bin;C:\Program Files\Microsoft SQL Server\120\Tools\Binn\;C:\Program Files\Microsoft SQL Server\130\Tools\Binn\;C:\WINDOWS\system32;C:\WINDOWS;C:\WINDOWS\System32\Wbem;C:\WINDOWS\System32\WindowsPowerShell\v1.0\;C:\Program Files\dotnet\;C:\Program Files\nodejs\;C:\Program Files (x86)\PuTTY\;C:\Users\Zareh Hakobian\AppData\Local\Microsoft\WindowsApps;C:\Users\Zareh Hakobian\AppData\Roaming\npm
USERNAME=Zareh Hakobian
OS=Windows_NT
PROCESSOR_IDENTIFIER=Intel64 Family 6 Model 61 Stepping 4, GenuineIntel



---------------  S Y S T E M  ---------------

OS: Windows 10.0 , 64 bit Build 14393 (10.0.14393.1198)

CPU:total 4 (2 cores per cpu, 2 threads per core) family 6 model 61 stepping 4, cmov, cx8, fxsr, mmx, sse, sse2, sse3, ssse3, sse4.1, sse4.2, popcnt, avx, avx2, aes, clmul, erms, 3dnowpref, lzcnt, ht, tsc, tscinvbit, bmi1, bmi2, adx

Memory: 4k page, physical 8301008k(1291076k free), swap 33466832k(4160k free)

vm_info: OpenJDK 64-Bit Server VM (25.76-b03) for windows-amd64 JRE (1.8.0_76-release-b03), built on Jun 29 2016 19:09:20 by "ralucas" with MS VC++ 10.0 (VS2010)

time: Tue Aug 08 13:11:33 2017
elapsed time: 210 seconds (0d 0h 3m 30s)

