#
# There is insufficient memory for the Java Runtime Environment to continue.
# Native memory allocation (malloc) failed to allocate 1771696 bytes for Chunk::new
# Possible reasons:
#   The system is out of physical RAM or swap space
#   In 32 bit mode, the process size limit was hit
# Possible solutions:
#   Reduce memory load on the system
#   Increase physical memory or swap space
#   Check if swap backing store is full
#   Use 64 bit Java on a 64 bit OS
#   Decrease Java heap size (-Xmx/-Xms)
#   Decrease number of Java threads
#   Decrease Java thread stack sizes (-Xss)
#   Set larger code cache with -XX:ReservedCodeCacheSize=
# This output file may be truncated or incomplete.
#
#  Out of Memory Error (allocation.cpp:390), pid=84824, tid=0x00000000000114bc
#
# JRE version: OpenJDK Runtime Environment (8.0_76-b03) (build 1.8.0_76-release-b03)
# Java VM: OpenJDK 64-Bit Server VM (25.76-b03 mixed mode windows-amd64 compressed oops)
# Failed to write core dump. Minidumps are not enabled by default on client versions of Windows
#

---------------  T H R E A D  ---------------

Current thread (0x000000001657c000):  JavaThread "C2 CompilerThread0" daemon [_thread_in_native, id=70844, stack(0x0000000017be0000,0x0000000017ce0000)]

Stack: [0x0000000017be0000,0x0000000017ce0000]
[error occurred during error reporting (printing stack bounds), id 0xc0000005]

Native frames: (J=compiled Java code, j=interpreted, Vv=VM code, C=native code)


Current CompileTask:
C2: 183139 17251       4       com.android.dx.dex.file.DebugInfoEncoder::emitPosition (214 bytes)


---------------  P R O C E S S  ---------------

Java Threads: ( => current thread )
  0x000000001ef7e800 JavaThread "pool-167-thread-2" [_thread_new, id=84452, stack(0x0000000000000000,0x0000000000000000)]
  0x000000001ef7a000 JavaThread "pool-168-thread-1" [_thread_new, id=81160, stack(0x0000000000000000,0x0000000000000000)]
  0x000000001ef79000 JavaThread "pool-167-thread-1" [_thread_new, id=83996, stack(0x0000000000000000,0x0000000000000000)]
  0x000000001ef7f800 JavaThread "pool-164-thread-4" [_thread_new, id=69424, stack(0x0000000000000000,0x0000000000000000)]
  0x000000001ef73000 JavaThread "pool-164-thread-3" [_thread_new, id=80212, stack(0x0000000000000000,0x0000000000000000)]
  0x000000001ef72800 JavaThread "pool-164-thread-2" [_thread_new, id=84356, stack(0x0000000000000000,0x0000000000000000)]
  0x000000001ef71800 JavaThread "pool-165-thread-1" [_thread_new, id=49112, stack(0x0000000000000000,0x0000000000000000)]
  0x000000001ef76000 JavaThread "pool-164-thread-1" [_thread_new, id=77400, stack(0x0000000000000000,0x0000000000000000)]
  0x000000001ef78800 JavaThread "pool-158-thread-3" [_thread_blocked, id=64044, stack(0x000000003abc0000,0x000000003acc0000)]
  0x000000001ef77800 JavaThread "pool-158-thread-2" [_thread_blocked, id=85308, stack(0x000000003aac0000,0x000000003abc0000)]
  0x000000001ef74000 JavaThread "pool-159-thread-1" [_thread_blocked, id=82536, stack(0x000000003a9c0000,0x000000003aac0000)]
  0x000000001ef71000 JavaThread "pool-158-thread-1" [_thread_blocked, id=6980, stack(0x000000003a8c0000,0x000000003a9c0000)]
  0x000000001ef7d800 JavaThread "pool-134-thread-4" [_thread_blocked, id=82128, stack(0x00000000380c0000,0x00000000381c0000)]
  0x000000001ef7c000 JavaThread "pool-134-thread-3" [_thread_blocked, id=85312, stack(0x0000000037fc0000,0x00000000380c0000)]
  0x000000001ef80000 JavaThread "pool-134-thread-2" [_thread_blocked, id=72128, stack(0x0000000037ec0000,0x0000000037fc0000)]
  0x000000001ef74800 JavaThread "pool-135-thread-1" [_thread_blocked, id=86736, stack(0x0000000037dc0000,0x0000000037ec0000)]
  0x000000001ef7b800 JavaThread "pool-134-thread-1" [_thread_blocked, id=81976, stack(0x0000000037cc0000,0x0000000037dc0000)]
  0x0000000018093000 JavaThread "pool-9-thread-3" [_thread_blocked, id=84716, stack(0x0000000028ac0000,0x0000000028bc0000)]
  0x0000000018091800 JavaThread "pool-9-thread-4" [_thread_blocked, id=84620, stack(0x00000000289c0000,0x0000000028ac0000)]
  0x0000000018092000 JavaThread "pool-9-thread-2" [_thread_blocked, id=86352, stack(0x00000000288c0000,0x00000000289c0000)]
  0x0000000018090800 JavaThread "pool-9-thread-1" [_thread_blocked, id=83144, stack(0x00000000287c0000,0x00000000288c0000)]
  0x000000001808a800 JavaThread "stdout" daemon [_thread_in_native, id=21948, stack(0x0000000026500000,0x0000000026600000)]
  0x000000001808a000 JavaThread "stderr" daemon [_thread_in_native, id=84920, stack(0x0000000026400000,0x0000000026500000)]
  0x000000001808d800 JavaThread "stdout" daemon [_thread_in_native, id=79908, stack(0x0000000026300000,0x0000000026400000)]
  0x000000001808c000 JavaThread "stderr" daemon [_thread_in_native, id=73480, stack(0x0000000026200000,0x0000000026300000)]
  0x000000001808b800 JavaThread "stdout" daemon [_thread_in_native, id=80556, stack(0x0000000026100000,0x0000000026200000)]
  0x000000001cd9a800 JavaThread "stderr" daemon [_thread_in_native, id=80964, stack(0x0000000026000000,0x0000000026100000)]
  0x0000000018800000 JavaThread "stdout" daemon [_thread_in_native, id=79896, stack(0x0000000025f00000,0x0000000026000000)]
  0x00000000187fe800 JavaThread "stderr" daemon [_thread_in_native, id=62828, stack(0x0000000025e00000,0x0000000025f00000)]
  0x00000000187fd000 JavaThread "stdout" daemon [_thread_in_native, id=83988, stack(0x0000000025d00000,0x0000000025e00000)]
  0x00000000187ff000 JavaThread "stderr" daemon [_thread_in_native, id=78348, stack(0x0000000025c00000,0x0000000025d00000)]
  0x00000000187fb800 JavaThread "stdout" daemon [_thread_in_native, id=50900, stack(0x0000000025b00000,0x0000000025c00000)]
  0x00000000187fc000 JavaThread "stderr" daemon [_thread_in_native, id=82560, stack(0x0000000025a00000,0x0000000025b00000)]
  0x0000000018800800 JavaThread "stdout" daemon [_thread_in_native, id=67056, stack(0x0000000025900000,0x0000000025a00000)]
  0x00000000187fd800 JavaThread "stderr" daemon [_thread_in_native, id=86972, stack(0x0000000025800000,0x0000000025900000)]
  0x00000000187fa800 JavaThread "stdout" daemon [_thread_in_native, id=66712, stack(0x0000000025700000,0x0000000025800000)]
  0x00000000187f3000 JavaThread "stderr" daemon [_thread_in_native, id=82784, stack(0x0000000025600000,0x0000000025700000)]
  0x00000000187fa000 JavaThread "stdout" daemon [_thread_in_native, id=85552, stack(0x0000000025500000,0x0000000025600000)]
  0x00000000187f2800 JavaThread "stderr" daemon [_thread_in_native, id=86592, stack(0x0000000025400000,0x0000000025500000)]
  0x00000000187f9000 JavaThread "stdout" daemon [_thread_in_native, id=81724, stack(0x0000000025300000,0x0000000025400000)]
  0x00000000187f1800 JavaThread "stderr" daemon [_thread_in_native, id=81868, stack(0x0000000025200000,0x0000000025300000)]
  0x00000000187f5800 JavaThread "stdout" daemon [_thread_in_native, id=81588, stack(0x0000000025100000,0x0000000025200000)]
  0x00000000187f4000 JavaThread "stderr" daemon [_thread_in_native, id=85820, stack(0x0000000025000000,0x0000000025100000)]
  0x00000000187f6000 JavaThread "stdout" daemon [_thread_in_native, id=81084, stack(0x0000000024f00000,0x0000000025000000)]
  0x00000000187f8800 JavaThread "stderr" daemon [_thread_in_native, id=82568, stack(0x0000000024e00000,0x0000000024f00000)]
  0x00000000187f4800 JavaThread "stdout" daemon [_thread_in_native, id=79804, stack(0x0000000024d00000,0x0000000024e00000)]
  0x00000000187f7800 JavaThread "stderr" daemon [_thread_in_native, id=59608, stack(0x0000000024c00000,0x0000000024d00000)]
  0x00000000187f7000 JavaThread "stdout" daemon [_thread_in_native, id=78296, stack(0x0000000024b00000,0x0000000024c00000)]
  0x000000001983e800 JavaThread "stderr" daemon [_thread_in_native, id=57416, stack(0x0000000024a00000,0x0000000024b00000)]
  0x000000001983f800 JavaThread "stdout" daemon [_thread_in_native, id=69208, stack(0x0000000024900000,0x0000000024a00000)]
  0x0000000019842800 JavaThread "stderr" daemon [_thread_in_native, id=80344, stack(0x0000000024800000,0x0000000024900000)]
  0x000000001983b000 JavaThread "png-cruncher_20" daemon [_thread_blocked, id=57420, stack(0x0000000024700000,0x0000000024800000)]
  0x000000001983d000 JavaThread "png-cruncher_19" daemon [_thread_blocked, id=73448, stack(0x0000000024600000,0x0000000024700000)]
  0x000000001983e000 JavaThread "png-cruncher_18" daemon [_thread_blocked, id=81436, stack(0x0000000024500000,0x0000000024600000)]
  0x0000000019841800 JavaThread "png-cruncher_17" daemon [_thread_blocked, id=84292, stack(0x0000000024400000,0x0000000024500000)]
  0x0000000019841000 JavaThread "png-cruncher_16" daemon [_thread_blocked, id=81136, stack(0x0000000024300000,0x0000000024400000)]
  0x000000001983c800 JavaThread "png-cruncher_15" daemon [_thread_blocked, id=86248, stack(0x0000000024200000,0x0000000024300000)]
  0x0000000019840000 JavaThread "png-cruncher_14" daemon [_thread_blocked, id=79632, stack(0x0000000024100000,0x0000000024200000)]
  0x000000001983b800 JavaThread "png-cruncher_13" daemon [_thread_blocked, id=66356, stack(0x0000000024000000,0x0000000024100000)]
  0x0000000019833800 JavaThread "png-cruncher_12" daemon [_thread_blocked, id=81804, stack(0x0000000023f00000,0x0000000024000000)]
  0x0000000019835000 JavaThread "png-cruncher_11" daemon [_thread_blocked, id=84232, stack(0x0000000023e00000,0x0000000023f00000)]
  0x0000000019836800 JavaThread "stdout" daemon [_thread_in_native, id=65384, stack(0x0000000023d00000,0x0000000023e00000)]
  0x000000001983a000 JavaThread "stderr" daemon [_thread_in_native, id=80032, stack(0x0000000023c00000,0x0000000023d00000)]
  0x0000000019839800 JavaThread "stdout" daemon [_thread_in_native, id=86852, stack(0x0000000023b00000,0x0000000023c00000)]
  0x0000000019834000 JavaThread "stderr" daemon [_thread_in_native, id=10808, stack(0x0000000023a00000,0x0000000023b00000)]
  0x0000000019838800 JavaThread "png-cruncher_10" daemon [_thread_blocked, id=81660, stack(0x0000000023900000,0x0000000023a00000)]
  0x0000000019835800 JavaThread "png-cruncher_9" daemon [_thread_blocked, id=74956, stack(0x0000000023800000,0x0000000023900000)]
  0x0000000019838000 JavaThread "png-cruncher_8" daemon [_thread_blocked, id=86792, stack(0x0000000023700000,0x0000000023800000)]
  0x0000000019837000 JavaThread "png-cruncher_7" daemon [_thread_blocked, id=80668, stack(0x0000000023600000,0x0000000023700000)]
  0x0000000018905800 JavaThread "png-cruncher_6" daemon [_thread_blocked, id=84736, stack(0x0000000023500000,0x0000000023600000)]
  0x0000000018905000 JavaThread "stdout" daemon [_thread_in_native, id=85488, stack(0x0000000023400000,0x0000000023500000)]
  0x000000001cda0800 JavaThread "stderr" daemon [_thread_in_native, id=86456, stack(0x0000000023300000,0x0000000023400000)]
  0x000000001cda2800 JavaThread "stdout" daemon [_thread_in_native, id=78172, stack(0x0000000023200000,0x0000000023300000)]
  0x000000001cda2000 JavaThread "stderr" daemon [_thread_in_native, id=80312, stack(0x0000000023100000,0x0000000023200000)]
  0x000000001cda1000 JavaThread "stdout" daemon [_thread_in_native, id=85852, stack(0x0000000023000000,0x0000000023100000)]
  0x000000001cd9f800 JavaThread "stderr" daemon [_thread_in_native, id=77940, stack(0x0000000022f00000,0x0000000023000000)]
  0x000000001cd9f000 JavaThread "png-cruncher_5" daemon [_thread_blocked, id=78332, stack(0x0000000022e00000,0x0000000022f00000)]
  0x000000001cda3800 JavaThread "png-cruncher_4" daemon [_thread_blocked, id=80028, stack(0x0000000022d00000,0x0000000022e00000)]
  0x000000001cd97800 JavaThread "png-cruncher_3" daemon [_thread_blocked, id=82836, stack(0x0000000022c00000,0x0000000022d00000)]
  0x000000001cd98000 JavaThread "png-cruncher_2" daemon [_thread_blocked, id=85024, stack(0x0000000022b00000,0x0000000022c00000)]
  0x000000001cd9e000 JavaThread "png-cruncher_1" daemon [_thread_blocked, id=86296, stack(0x0000000022a00000,0x0000000022b00000)]
  0x000000001cd96800 JavaThread "pool-3-thread-4" [_thread_blocked, id=64792, stack(0x0000000022900000,0x0000000022a00000)]
  0x000000001cd9d800 JavaThread "pool-3-thread-3" [_thread_in_native, id=70580, stack(0x0000000022800000,0x0000000022900000)]
  0x000000001cd9c800 JavaThread "pool-3-thread-2" [_thread_blocked, id=78416, stack(0x0000000022700000,0x0000000022800000)]
  0x000000001cd96000 JavaThread "pool-3-thread-1" [_thread_blocked, id=65352, stack(0x0000000020f90000,0x0000000021090000)]
  0x0000000018908800 JavaThread "File lock request listener" [_thread_in_native, id=82336, stack(0x000000001e9d0000,0x000000001ead0000)]
  0x0000000019338800 JavaThread "Asynchronous log dispatcher for org.gradle.launcher.daemon.server.DefaultDaemonConnection@3a38d56f" [_thread_blocked, id=78420, stack(0x000000001ac60000,0x000000001ad60000)]
  0x0000000019334800 JavaThread "Daemon worker" [_thread_in_vm, id=85612, stack(0x000000001ab60000,0x000000001ac60000)]
  0x0000000018ff5000 JavaThread "Cancel handler" [_thread_blocked, id=84312, stack(0x000000001aa60000,0x000000001ab60000)]
  0x000000001932b000 JavaThread "Handler for socket connection from /127.0.0.1:1561 to /127.0.0.1:1562" [_thread_in_native, id=80456, stack(0x000000001a960000,0x000000001aa60000)]
  0x0000000018f47000 JavaThread "Daemon" [_thread_blocked, id=66688, stack(0x000000001a860000,0x000000001a960000)]
  0x0000000018f48800 JavaThread "pool-1-thread-1" [_thread_blocked, id=80248, stack(0x000000001a760000,0x000000001a860000)]
  0x000000001919a800 JavaThread "Incoming local TCP Connector on port 1561" [_thread_in_native, id=73632, stack(0x000000001a070000,0x000000001a170000)]
  0x00000000165dc000 JavaThread "Service Thread" daemon [_thread_blocked, id=82032, stack(0x00000000182e0000,0x00000000183e0000)]
  0x0000000016599800 JavaThread "C1 CompilerThread2" daemon [_thread_blocked, id=63428, stack(0x0000000017de0000,0x0000000017ee0000)]
  0x000000001657e000 JavaThread "C2 CompilerThread1" daemon [_thread_blocked, id=81396, stack(0x0000000017ce0000,0x0000000017de0000)]
=>0x000000001657c000 JavaThread "C2 CompilerThread0" daemon [_thread_in_native, id=70844, stack(0x0000000017be0000,0x0000000017ce0000)]
  0x000000001657a800 JavaThread "Attach Listener" daemon [_thread_blocked, id=80588, stack(0x0000000017ae0000,0x0000000017be0000)]
  0x0000000016579800 JavaThread "Signal Dispatcher" daemon [_thread_blocked, id=83208, stack(0x00000000179e0000,0x0000000017ae0000)]
  0x0000000016568800 JavaThread "Finalizer" daemon [_thread_blocked, id=81612, stack(0x00000000177d0000,0x00000000178d0000)]
  0x0000000002c00000 JavaThread "Reference Handler" daemon [_thread_blocked, id=80508, stack(0x00000000176d0000,0x00000000177d0000)]
  0x0000000002b10800 JavaThread "main" [_thread_blocked, id=85112, stack(0x0000000002a10000,0x0000000002b10000)]

Other Threads:
  0x0000000016546800 VMThread [stack: 0x00000000175d0000,0x00000000176d0000] [id=56352]
  0x00000000165dd000 WatcherThread [stack: 0x00000000183e0000,0x00000000184e0000] [id=80648]

VM state:synchronizing (normal execution)

VM Mutex/Monitor currently owned by a thread:  ([mutex/lock_event])
[0x000000000113c160] Safepoint_lock - owner thread: 0x0000000016546800
[0x000000000113c460] Threads_lock - owner thread: 0x0000000016546800
[0x000000000113dff0] Compile_lock - owner thread: 0x0000000019334800

Heap:
 PSYoungGen      total 443392K, used 106845K [0x00000000e0000000, 0x00000000fff00000, 0x0000000100000000)
  eden space 367616K, 29% used [0x00000000e0000000,0x00000000e6857508,0x00000000f6700000)
  from space 75776K, 0% used [0x00000000fb500000,0x00000000fb500000,0x00000000fff00000)
  to   space 77824K, 0% used [0x00000000f6700000,0x00000000f6700000,0x00000000fb300000)
 ParOldGen       total 170496K, used 170141K [0x00000000a0000000, 0x00000000aa680000, 0x00000000e0000000)
  object space 170496K, 99% used [0x00000000a0000000,0x00000000aa627450,0x00000000aa680000)
 Metaspace       used 65887K, capacity 67614K, committed 67840K, reserved 1107968K
  class space    used 8215K, capacity 8629K, committed 8704K, reserved 1048576K

Card table byte_map: [0x0000000011fd0000,0x00000000122e0000] byte_map_base: 0x0000000011ad0000

Marking Bits: (ParMarkBitMap*) 0x00000000693f9d00
 Begin Bits: [0x00000000128e0000, 0x00000000140e0000)
 End Bits:   [0x00000000140e0000, 0x00000000158e0000)

Polling page: 0x0000000001120000

CodeCache: size=245760Kb used=49748Kb max_used=49983Kb free=196011Kb
 bounds [0x0000000002c10000, 0x0000000005d30000, 0x0000000011c10000]
 total_blobs=13873 nmethods=13129 adapters=656
 compilation: enabled

Compilation events (10 events):
Event: 182.954 Thread 0x000000001657e000 17311       4       java.io.ObjectOutputStream$BlockDataOutputStream::writeBytes (144 bytes)
Event: 182.956 Thread 0x0000000016599800 17312       1       java.lang.StackTraceElement::getLineNumber (5 bytes)
Event: 182.956 Thread 0x0000000016599800 nmethod 17312 0x00000000056c5190 code [0x00000000056c52e0, 0x00000000056c53f0]
Event: 182.957 Thread 0x0000000016599800 17313       1       java.lang.StackTraceElement::getFileName (5 bytes)
Event: 182.957 Thread 0x0000000016599800 nmethod 17313 0x000000000505d950 code [0x000000000505daa0, 0x000000000505dbb0]
Event: 182.961 Thread 0x0000000016599800 17314       3       org.codehaus.groovy.runtime.StackTraceUtils::isApplicationClass (84 bytes)
Event: 182.961 Thread 0x0000000016599800 nmethod 17314 0x00000000054dd110 code [0x00000000054dd300, 0x00000000054ddc38]
Event: 182.961 Thread 0x0000000016599800 17315       3       java.lang.Thread::getId (5 bytes)
Event: 182.961 Thread 0x0000000016599800 nmethod 17315 0x0000000005333bd0 code [0x0000000005333d20, 0x0000000005333e70]
Event: 182.968 Thread 0x000000001657e000 nmethod 17311 0x00000000050ae790 code [0x00000000050ae8e0, 0x00000000050aed88]

GC Heap History (10 events):
Event: 162.858 GC heap before
{Heap before GC invocations=31 (full 5):
 PSYoungGen      total 434176K, used 395136K [0x00000000e0000000, 0x0000000100000000, 0x0000000100000000)
  eden space 354304K, 100% used [0x00000000e0000000,0x00000000f5a00000,0x00000000f5a00000)
  from space 79872K, 51% used [0x00000000f5a00000,0x00000000f81e0140,0x00000000fa800000)
  to   space 76800K, 0% used [0x00000000fb500000,0x00000000fb500000,0x0000000100000000)
 ParOldGen       total 170496K, used 141988K [0x00000000a0000000, 0x00000000aa680000, 0x00000000e0000000)
  object space 170496K, 83% used [0x00000000a0000000,0x00000000a8aa92a0,0x00000000aa680000)
 Metaspace       used 65818K, capacity 67494K, committed 67840K, reserved 1107968K
  class space    used 8206K, capacity 8593K, committed 8704K, reserved 1048576K
Event: 163.115 GC heap after
Heap after GC invocations=31 (full 5):
 PSYoungGen      total 443392K, used 53154K [0x00000000e0000000, 0x00000000fff00000, 0x0000000100000000)
  eden space 367616K, 0% used [0x00000000e0000000,0x00000000e0000000,0x00000000f6700000)
  from space 75776K, 70% used [0x00000000fb500000,0x00000000fe8e8950,0x00000000fff00000)
  to   space 77824K, 0% used [0x00000000f6700000,0x00000000f6700000,0x00000000fb300000)
 ParOldGen       total 170496K, used 159216K [0x00000000a0000000, 0x00000000aa680000, 0x00000000e0000000)
  object space 170496K, 93% used [0x00000000a0000000,0x00000000a9b7c070,0x00000000aa680000)
 Metaspace       used 65818K, capacity 67494K, committed 67840K, reserved 1107968K
  class space    used 8206K, capacity 8593K, committed 8704K, reserved 1048576K
}
Event: 163.115 GC heap before
{Heap before GC invocations=32 (full 6):
 PSYoungGen      total 443392K, used 53154K [0x00000000e0000000, 0x00000000fff00000, 0x0000000100000000)
  eden space 367616K, 0% used [0x00000000e0000000,0x00000000e0000000,0x00000000f6700000)
  from space 75776K, 70% used [0x00000000fb500000,0x00000000fe8e8950,0x00000000fff00000)
  to   space 77824K, 0% used [0x00000000f6700000,0x00000000f6700000,0x00000000fb300000)
 ParOldGen       total 170496K, used 159216K [0x00000000a0000000, 0x00000000aa680000, 0x00000000e0000000)
  object space 170496K, 93% used [0x00000000a0000000,0x00000000a9b7c070,0x00000000aa680000)
 Metaspace       used 65818K, capacity 67494K, committed 67840K, reserved 1107968K
  class space    used 8206K, capacity 8593K, committed 8704K, reserved 1048576K
Event: 164.411 GC heap after
Heap after GC invocations=32 (full 6):
 PSYoungGen      total 443392K, used 0K [0x00000000e0000000, 0x00000000fff00000, 0x0000000100000000)
  eden space 367616K, 0% used [0x00000000e0000000,0x00000000e0000000,0x00000000f6700000)
  from space 75776K, 0% used [0x00000000fb500000,0x00000000fb500000,0x00000000fff00000)
  to   space 77824K, 0% used [0x00000000f6700000,0x00000000f6700000,0x00000000fb300000)
 ParOldGen       total 170496K, used 155129K [0x00000000a0000000, 0x00000000aa680000, 0x00000000e0000000)
  object space 170496K, 90% used [0x00000000a0000000,0x00000000a977e7e0,0x00000000aa680000)
 Metaspace       used 65818K, capacity 67494K, committed 67840K, reserved 1107968K
  class space    used 8206K, capacity 8593K, committed 8704K, reserved 1048576K
}
Event: 166.144 GC heap before
{Heap before GC invocations=33 (full 7):
 PSYoungGen      total 443392K, used 367616K [0x00000000e0000000, 0x00000000fff00000, 0x0000000100000000)
  eden space 367616K, 100% used [0x00000000e0000000,0x00000000f6700000,0x00000000f6700000)
  from space 75776K, 0% used [0x00000000fb500000,0x00000000fb500000,0x00000000fff00000)
  to   space 77824K, 0% used [0x00000000f6700000,0x00000000f6700000,0x00000000fb300000)
 ParOldGen       total 170496K, used 155129K [0x00000000a0000000, 0x00000000aa680000, 0x00000000e0000000)
  object space 170496K, 90% used [0x00000000a0000000,0x00000000a977e7e0,0x00000000aa680000)
 Metaspace       used 65818K, capacity 67494K, committed 67840K, reserved 1107968K
  class space    used 8206K, capacity 8593K, committed 8704K, reserved 1048576K
Event: 168.877 GC heap after
Heap after GC invocations=33 (full 7):
 PSYoungGen      total 443392K, used 37880K [0x00000000e0000000, 0x00000000fff00000, 0x0000000100000000)
  eden space 367616K, 10% used [0x00000000e0000000,0x00000000e24fe368,0x00000000f6700000)
  from space 75776K, 0% used [0x00000000fb500000,0x00000000fb500000,0x00000000fff00000)
  to   space 77824K, 0% used [0x00000000f6700000,0x00000000f6700000,0x00000000fb300000)
 ParOldGen       total 170496K, used 170436K [0x00000000a0000000, 0x00000000aa680000, 0x00000000e0000000)
  object space 170496K, 99% used [0x00000000a0000000,0x00000000aa671310,0x00000000aa680000)
 Metaspace       used 65818K, capacity 67494K, committed 67840K, reserved 1107968K
  class space    used 8206K, capacity 8593K, committed 8704K, reserved 1048576K
}
Event: 171.680 GC heap before
{Heap before GC invocations=34 (full 8):
 PSYoungGen      total 443392K, used 367616K [0x00000000e0000000, 0x00000000fff00000, 0x0000000100000000)
  eden space 367616K, 100% used [0x00000000e0000000,0x00000000f6700000,0x00000000f6700000)
  from space 75776K, 0% used [0x00000000fb500000,0x00000000fb500000,0x00000000fff00000)
  to   space 77824K, 0% used [0x00000000f6700000,0x00000000f6700000,0x00000000fb300000)
 ParOldGen       total 170496K, used 170436K [0x00000000a0000000, 0x00000000aa680000, 0x00000000e0000000)
  object space 170496K, 99% used [0x00000000a0000000,0x00000000aa671310,0x00000000aa680000)
 Metaspace       used 65826K, capacity 67558K, committed 67840K, reserved 1107968K
  class space    used 8206K, capacity 8593K, committed 8704K, reserved 1048576K
Event: 176.057 GC heap after
Heap after GC invocations=34 (full 8):
 PSYoungGen      total 443392K, used 83836K [0x00000000e0000000, 0x00000000fff00000, 0x0000000100000000)
  eden space 367616K, 22% used [0x00000000e0000000,0x00000000e51df1d0,0x00000000f6700000)
  from space 75776K, 0% used [0x00000000fb500000,0x00000000fb500000,0x00000000fff00000)
  to   space 77824K, 0% used [0x00000000f6700000,0x00000000f6700000,0x00000000fb300000)
 ParOldGen       total 170496K, used 170226K [0x00000000a0000000, 0x00000000aa680000, 0x00000000e0000000)
  object space 170496K, 99% used [0x00000000a0000000,0x00000000aa63c960,0x00000000aa680000)
 Metaspace       used 65826K, capacity 67558K, committed 67840K, reserved 1107968K
  class space    used 8206K, capacity 8593K, committed 8704K, reserved 1048576K
}
Event: 177.972 GC heap before
{Heap before GC invocations=35 (full 9):
 PSYoungGen      total 443392K, used 367616K [0x00000000e0000000, 0x00000000fff00000, 0x0000000100000000)
  eden space 367616K, 100% used [0x00000000e0000000,0x00000000f6700000,0x00000000f6700000)
  from space 75776K, 0% used [0x00000000fb500000,0x00000000fb500000,0x00000000fff00000)
  to   space 77824K, 0% used [0x00000000f6700000,0x00000000f6700000,0x00000000fb300000)
 ParOldGen       total 170496K, used 170226K [0x00000000a0000000, 0x00000000aa680000, 0x00000000e0000000)
  object space 170496K, 99% used [0x00000000a0000000,0x00000000aa63c960,0x00000000aa680000)
 Metaspace       used 65831K, capacity 67558K, committed 67840K, reserved 1107968K
  class space    used 8206K, capacity 8593K, committed 8704K, reserved 1048576K
Event: 182.395 GC heap after
Heap after GC invocations=35 (full 9):
 PSYoungGen      total 443392K, used 83863K [0x00000000e0000000, 0x00000000fff00000, 0x0000000100000000)
  eden space 367616K, 22% used [0x00000000e0000000,0x00000000e51e5e80,0x00000000f6700000)
  from space 75776K, 0% used [0x00000000fb500000,0x00000000fb500000,0x00000000fff00000)
  to   space 77824K, 0% used [0x00000000f6700000,0x00000000f6700000,0x00000000fb300000)
 ParOldGen       total 170496K, used 170141K [0x00000000a0000000, 0x00000000aa680000, 0x00000000e0000000)
  object space 170496K, 99% used [0x00000000a0000000,0x00000000aa627450,0x00000000aa680000)
 Metaspace       used 65831K, capacity 67558K, committed 67840K, reserved 1107968K
  class space    used 8206K, capacity 8593K, committed 8704K, reserved 1048576K
}

Deoptimization events (10 events):
Event: 182.411 Thread 0x0000000018091800 Uncommon trap: reason=unstable_if action=reinterpret pc=0x00000000055c2c30 method=java.util.concurrent.FutureTask.run()V @ 66
Event: 182.419 Thread 0x000000001cd96000 Uncommon trap: reason=unstable_if action=reinterpret pc=0x00000000059005d0 method=java.util.concurrent.FutureTask.report(I)Ljava/lang/Object; @ 7
Event: 182.420 Thread 0x000000001cd96000 Uncommon trap: reason=unstable_if action=reinterpret pc=0x00000000055c2c30 method=java.util.concurrent.FutureTask.run()V @ 66
Event: 182.422 Thread 0x0000000019334800 Uncommon trap: reason=unstable_if action=reinterpret pc=0x0000000004fc1c98 method=java.util.concurrent.FutureTask.report(I)Ljava/lang/Object; @ 7
Event: 182.423 Thread 0x0000000019334800 Uncommon trap: reason=class_check action=maybe_recompile pc=0x000000000338f5c0 method=java.lang.Throwable.<init>(Ljava/lang/String;Ljava/lang/Throwable;)V @ 24
Event: 182.932 Thread 0x0000000019334800 Uncommon trap: reason=array_check action=maybe_recompile pc=0x000000000595e9e8 method=java.util.ComparableTimSort.reverseRange([Ljava/lang/Object;II)V @ 20
Event: 182.934 Thread 0x0000000019334800 Uncommon trap: reason=predicate action=maybe_recompile pc=0x000000000357a068 method=java.util.TimSort.reverseRange([Ljava/lang/Object;II)V @ 8
Event: 182.934 Thread 0x0000000019334800 Uncommon trap: reason=unstable_if action=reinterpret pc=0x00000000048e4db0 method=java.io.ObjectOutputStream$BlockDataOutputStream.writeBytes(Ljava/lang/String;)V @ 22
Event: 182.934 Thread 0x0000000019334800 Uncommon trap: reason=unstable_if action=reinterpret pc=0x00000000035e86fc method=java.io.ObjectOutputStream$BlockDataOutputStream.writeBytes(Ljava/lang/String;)V @ 22
Event: 182.960 Thread 0x0000000019334800 Uncommon trap: reason=unstable_if action=reinterpret pc=0x0000000003608834 method=java.lang.String.split(Ljava/lang/String;I)[Ljava/lang/String; @ 32

Internal exceptions (10 events):
Event: 158.751 Thread 0x000000001ef78800 Implicit null exception at 0x000000000553d498 to 0x000000000553ecf1
Event: 158.753 Thread 0x000000001ef78800 Implicit null exception at 0x0000000005911a15 to 0x000000000591330d
Event: 162.010 Thread 0x000000001ef7b800 Implicit null exception at 0x0000000005946fb1 to 0x0000000005947245
Event: 169.681 Thread 0x000000001ef7d800 Implicit null exception at 0x000000000541d73d to 0x000000000541df99
Event: 182.411 Thread 0x0000000018091800 Exception <a 'java/lang/OutOfMemoryError': unable to create new native thread> (0x00000000e5586bb8) thrown at [C:\src\android\AOSP-openjdk\external\jetbrains\jdk\hotspot\src\share\vm\prims\jvm.cpp, line 3020]
Event: 182.423 Thread 0x0000000019334800 Exception <a 'java/lang/reflect/InvocationTargetException'> (0x00000000e559a050) thrown at [C:\src\android\AOSP-openjdk\external\jetbrains\jdk\hotspot\src\share\vm\runtime\reflection.cpp, line 1092]
Event: 182.426 Thread 0x0000000018090800 Exception <a 'java/lang/OutOfMemoryError': unable to create new native thread> (0x00000000e5a22f30) thrown at [C:\src\android\AOSP-openjdk\external\jetbrains\jdk\hotspot\src\share\vm\prims\jvm.cpp, line 3020]
Event: 182.930 Thread 0x0000000019334800 Exception <a 'java/lang/NoSuchMethodError': <clinit>> (0x00000000e6175428) thrown at [C:\src\android\AOSP-openjdk\external\jetbrains\jdk\hotspot\src\share\vm\prims\jni.cpp, line 1591]
Event: 182.934 Thread 0x0000000019334800 Exception <a 'java/lang/NoSuchMethodError': <clinit>> (0x00000000e61f6c30) thrown at [C:\src\android\AOSP-openjdk\external\jetbrains\jdk\hotspot\src\share\vm\prims\jni.cpp, line 1591]
Event: 182.953 Thread 0x0000000019334800 Exception <a 'java/lang/NoSuchMethodError': <clinit>> (0x00000000e65e9788) thrown at [C:\src\android\AOSP-openjdk\external\jetbrains\jdk\hotspot\src\share\vm\prims\jni.cpp, line 1591]

Events (10 events):
Event: 182.962 loading class org/gradle/BuildExceptionReporter$FailureDetails done
Event: 182.962 loading class org/gradle/internal/logging/text/BufferingStyledTextOutput
Event: 182.962 loading class org/gradle/internal/logging/text/BufferingStyledTextOutput done
Event: 182.969 loading class org/gradle/BuildExceptionReporter$ExceptionStyle
Event: 182.969 loading class org/gradle/BuildExceptionReporter$ExceptionStyle done
Event: 182.970 loading class org/gradle/internal/logging/text/BufferingStyledTextOutput$1
Event: 182.970 loading class org/gradle/internal/logging/text/BufferingStyledTextOutput$1 done
Event: 182.970 loading class org/gradle/internal/logging/text/AbstractStyledTextOutput$StyleOverrideTextOutput
Event: 182.970 loading class org/gradle/internal/logging/text/AbstractStyledTextOutput$StyleOverrideTextOutput done
Event: 182.971 Executing VM operation: Deoptimize


Dynamic libraries:
0x00007ff77da30000 - 0x00007ff77da61000 	C:\Program Files\Android\Android Studio\jre\bin\java.exe
0x00007ffa53e90000 - 0x00007ffa54061000 	C:\WINDOWS\SYSTEM32\ntdll.dll
0x00007ffa51420000 - 0x00007ffa514cc000 	C:\WINDOWS\System32\KERNEL32.DLL
0x00007ffa50e50000 - 0x00007ffa5106d000 	C:\WINDOWS\System32\KERNELBASE.dll
0x00007ffa51a20000 - 0x00007ffa51ac2000 	C:\WINDOWS\System32\ADVAPI32.dll
0x00007ffa52660000 - 0x00007ffa526fe000 	C:\WINDOWS\System32\msvcrt.dll
0x00007ffa51ad0000 - 0x00007ffa51b29000 	C:\WINDOWS\System32\sechost.dll
0x00007ffa520a0000 - 0x00007ffa521c1000 	C:\WINDOWS\System32\RPCRT4.dll
0x00007ffa523d0000 - 0x00007ffa52535000 	C:\WINDOWS\System32\USER32.dll
0x00007ffa51400000 - 0x00007ffa5141e000 	C:\WINDOWS\System32\win32u.dll
0x00007ffa51fd0000 - 0x00007ffa52004000 	C:\WINDOWS\System32\GDI32.dll
0x00007ffa50c20000 - 0x00007ffa50da0000 	C:\WINDOWS\System32\gdi32full.dll
0x00007ffa40a40000 - 0x00007ffa40cba000 	C:\WINDOWS\WinSxS\amd64_microsoft.windows.common-controls_6595b64144ccf1df_6.0.14393.953_none_42151e83c686086b\COMCTL32.dll
0x00007ffa51750000 - 0x00007ffa51a18000 	C:\WINDOWS\System32\combase.dll
0x00007ffa50390000 - 0x00007ffa50485000 	C:\WINDOWS\System32\ucrtbase.dll
0x00007ffa510d0000 - 0x00007ffa5113a000 	C:\WINDOWS\System32\bcryptPrimitives.dll
0x00007ffa52070000 - 0x00007ffa5209e000 	C:\WINDOWS\System32\IMM32.DLL
0x00000000689f0000 - 0x0000000068ac2000 	C:\Program Files\Android\Android Studio\jre\jre\bin\msvcr100.dll
0x0000000068c40000 - 0x0000000069474000 	C:\Program Files\Android\Android Studio\jre\jre\bin\server\jvm.dll
0x00007ffa51560000 - 0x00007ffa51568000 	C:\WINDOWS\System32\PSAPI.DLL
0x00007ffa41cc0000 - 0x00007ffa41cc9000 	C:\WINDOWS\SYSTEM32\WSOCK32.dll
0x00007ffa51b30000 - 0x00007ffa51b9a000 	C:\WINDOWS\System32\WS2_32.dll
0x00007ffa4ddd0000 - 0x00007ffa4ddf3000 	C:\WINDOWS\SYSTEM32\WINMM.dll
0x00007ffa4e830000 - 0x00007ffa4e83a000 	C:\WINDOWS\SYSTEM32\VERSION.dll
0x00007ffa4dc30000 - 0x00007ffa4dc5b000 	C:\WINDOWS\SYSTEM32\WINMMBASE.dll
0x00007ffa511e0000 - 0x00007ffa51222000 	C:\WINDOWS\System32\cfgmgr32.dll
0x00007ffa4ee80000 - 0x00007ffa4ee8f000 	C:\Program Files\Android\Android Studio\jre\jre\bin\verify.dll
0x00007ffa4bb20000 - 0x00007ffa4bb49000 	C:\Program Files\Android\Android Studio\jre\jre\bin\java.dll
0x00007ffa4a3b0000 - 0x00007ffa4a3c6000 	C:\Program Files\Android\Android Studio\jre\jre\bin\zip.dll
0x00007ffa52870000 - 0x00007ffa53d78000 	C:\WINDOWS\System32\SHELL32.dll
0x00007ffa50540000 - 0x00007ffa50c1a000 	C:\WINDOWS\System32\windows.storage.dll
0x00007ffa50340000 - 0x00007ffa5038c000 	C:\WINDOWS\System32\powrprof.dll
0x00007ffa52370000 - 0x00007ffa523c2000 	C:\WINDOWS\System32\shlwapi.dll
0x00007ffa50300000 - 0x00007ffa5030f000 	C:\WINDOWS\System32\kernel.appcore.dll
0x00007ffa50490000 - 0x00007ffa50539000 	C:\WINDOWS\System32\shcore.dll
0x00007ffa50320000 - 0x00007ffa50334000 	C:\WINDOWS\System32\profapi.dll
0x00007ffa48560000 - 0x00007ffa4857a000 	C:\Program Files\Android\Android Studio\jre\jre\bin\net.dll
0x00007ffa4f8d0000 - 0x00007ffa4f92c000 	C:\WINDOWS\system32\mswsock.dll
0x00007ffa44650000 - 0x00007ffa44661000 	C:\Program Files\Android\Android Studio\jre\jre\bin\nio.dll
0x00007ffa43960000 - 0x00007ffa43972000 	C:\Users\Zareh Hakobian\.gradle\native\19\windows-amd64\native-platform.dll
0x00007ffa4fd90000 - 0x00007ffa4fda7000 	C:\WINDOWS\SYSTEM32\CRYPTSP.dll
0x00007ffa4f4d0000 - 0x00007ffa4f503000 	C:\WINDOWS\system32\rsaenh.dll
0x00007ffa4fc70000 - 0x00007ffa4fc9b000 	C:\WINDOWS\SYSTEM32\bcrypt.dll
0x00007ffa4f750000 - 0x00007ffa4f76f000 	C:\WINDOWS\SYSTEM32\USERENV.dll
0x00007ffa4fa70000 - 0x00007ffa4fa7b000 	C:\WINDOWS\SYSTEM32\CRYPTBASE.dll
0x00007ffa4f650000 - 0x00007ffa4f688000 	C:\WINDOWS\SYSTEM32\IPHLPAPI.DLL
0x00007ffa53d80000 - 0x00007ffa53d88000 	C:\WINDOWS\System32\NSI.dll
0x00007ffa49500000 - 0x00007ffa49516000 	C:\WINDOWS\SYSTEM32\dhcpcsvc6.DLL
0x00007ffa49570000 - 0x00007ffa4958a000 	C:\WINDOWS\SYSTEM32\dhcpcsvc.DLL
0x00007ffa4ec80000 - 0x00007ffa4ec8d000 	C:\Program Files\Android\Android Studio\jre\jre\bin\management.dll
0x00007ffa4f3a0000 - 0x00007ffa4f3d2000 	C:\WINDOWS\SYSTEM32\ntmarta.dll

VM Arguments:
jvm_args: -Xmx1536m -Dfile.encoding=windows-1252 -Duser.country=AT -Duser.language=de -Duser.variant 
java_command: org.gradle.launcher.daemon.bootstrap.GradleDaemon 2.14.1
java_class_path (initial): C:\Program Files\Android\Android Studio\gradle\gradle-2.14.1\lib\gradle-launcher-2.14.1.jar
Launcher Type: SUN_STANDARD

Environment Variables:
PATH=C:\ProgramData\Oracle\Java\javapath;C:\Program Files (x86)\Lenovo\FusionEngine;C:\Windows\system32;C:\Windows;C:\Windows\System32\Wbem;C:\Windows\System32\WindowsPowerShell\v1.0\;C:\Program Files (x86)\Common Files\lenovo\easyplussdk\bin;C:\Program Files (x86)\NVIDIA Corporation\PhysX\Common;C:\Program Files\Intel\WiFi\bin\;C:\Program Files\Common Files\Intel\WirelessCommon\;C:\Program Files (x86)\GtkSharp\2.12\bin;C:\Program Files\Microsoft SQL Server\120\Tools\Binn\;C:\Program Files\Microsoft SQL Server\130\Tools\Binn\;C:\WINDOWS\system32;C:\WINDOWS;C:\WINDOWS\System32\Wbem;C:\WINDOWS\System32\WindowsPowerShell\v1.0\;C:\Program Files\dotnet\;C:\Program Files\nodejs\;C:\Program Files (x86)\PuTTY\;C:\Users\Zareh Hakobian\AppData\Local\Microsoft\WindowsApps;C:\Users\Zareh Hakobian\AppData\Roaming\npm
USERNAME=Zareh Hakobian
OS=Windows_NT
PROCESSOR_IDENTIFIER=Intel64 Family 6 Model 61 Stepping 4, GenuineIntel



---------------  S Y S T E M  ---------------

OS: Windows 10.0 , 64 bit Build 14393 (10.0.14393.1198)

CPU:total 4 (2 cores per cpu, 2 threads per core) family 6 model 61 stepping 4, cmov, cx8, fxsr, mmx, sse, sse2, sse3, ssse3, sse4.1, sse4.2, popcnt, avx, avx2, aes, clmul, erms, 3dnowpref, lzcnt, ht, tsc, tscinvbit, bmi1, bmi2, adx

Memory: 4k page, physical 8301008k(1119432k free), swap 33466832k(1476k free)

vm_info: OpenJDK 64-Bit Server VM (25.76-b03) for windows-amd64 JRE (1.8.0_76-release-b03), built on Jun 29 2016 19:09:20 by "ralucas" with MS VC++ 10.0 (VS2010)

time: Tue Aug 08 13:07:19 2017
elapsed time: 183 seconds (0d 0h 3m 3s)

