#
# There is insufficient memory for the Java Runtime Environment to continue.
# Native memory allocation (malloc) failed to allocate 536336 bytes for Chunk::new
# Possible reasons:
#   The system is out of physical RAM or swap space
#   In 32 bit mode, the process size limit was hit
# Possible solutions:
#   Reduce memory load on the system
#   Increase physical memory or swap space
#   Check if swap backing store is full
#   Use 64 bit Java on a 64 bit OS
#   Decrease Java heap size (-Xmx/-Xms)
#   Decrease number of Java threads
#   Decrease Java thread stack sizes (-Xss)
#   Set larger code cache with -XX:ReservedCodeCacheSize=
# This output file may be truncated or incomplete.
#
#  Out of Memory Error (allocation.cpp:390), pid=79564, tid=0x0000000000013ac0
#
# JRE version: OpenJDK Runtime Environment (8.0_76-b03) (build 1.8.0_76-release-b03)
# Java VM: OpenJDK 64-Bit Server VM (25.76-b03 mixed mode windows-amd64 compressed oops)
# Failed to write core dump. Minidumps are not enabled by default on client versions of Windows
#

---------------  T H R E A D  ---------------

Current thread (0x0000000015c8f000):  JavaThread "C2 CompilerThread1" daemon [_thread_in_native, id=80576, stack(0x00000000173f0000,0x00000000174f0000)]

Stack: [0x00000000173f0000,0x00000000174f0000]
[error occurred during error reporting (printing stack bounds), id 0xc0000005]

Native frames: (J=compiled Java code, j=interpreted, Vv=VM code, C=native code)


Current CompileTask:
C2: 867746 10984       4       com.android.ide.common.res2.NodeUtils::duplicateNode (315 bytes)


---------------  P R O C E S S  ---------------

Java Threads: ( => current thread )
  0x000000001ad70000 JavaThread "stdout" daemon [_thread_in_native, id=74660, stack(0x0000000026a50000,0x0000000026b50000)]
  0x000000001ad6f800 JavaThread "stderr" daemon [_thread_in_native, id=89000, stack(0x0000000026950000,0x0000000026a50000)]
  0x000000001ad6e800 JavaThread "stdout" daemon [_thread_in_native, id=83624, stack(0x0000000026850000,0x0000000026950000)]
  0x000000001ad6e000 JavaThread "stderr" daemon [_thread_in_native, id=81512, stack(0x0000000026750000,0x0000000026850000)]
  0x000000001ad6d000 JavaThread "stdout" daemon [_thread_in_native, id=94044, stack(0x0000000026650000,0x0000000026750000)]
  0x000000001ad6c800 JavaThread "stderr" daemon [_thread_in_native, id=84020, stack(0x0000000026550000,0x0000000026650000)]
  0x000000001ad6b800 JavaThread "stdout" daemon [_thread_in_native, id=77728, stack(0x0000000026450000,0x0000000026550000)]
  0x000000001ad71000 JavaThread "stderr" daemon [_thread_in_native, id=93848, stack(0x0000000026350000,0x0000000026450000)]
  0x000000001ad6b000 JavaThread "stdout" daemon [_thread_in_native, id=56708, stack(0x0000000026250000,0x0000000026350000)]
  0x000000001ad63800 JavaThread "stderr" daemon [_thread_in_native, id=41188, stack(0x0000000026150000,0x0000000026250000)]
  0x000000001ad6a000 JavaThread "stdout" daemon [_thread_in_native, id=68212, stack(0x0000000026050000,0x0000000026150000)]
  0x000000001ad62800 JavaThread "stderr" daemon [_thread_in_native, id=65320, stack(0x0000000025f50000,0x0000000026050000)]
  0x000000001ad69800 JavaThread "stdout" daemon [_thread_in_native, id=75348, stack(0x0000000025e50000,0x0000000025f50000)]
  0x000000001ad62000 JavaThread "stderr" daemon [_thread_in_native, id=66608, stack(0x0000000025d50000,0x0000000025e50000)]
  0x000000001ad65000 JavaThread "stdout" daemon [_thread_in_native, id=86776, stack(0x0000000025c50000,0x0000000025d50000)]
  0x000000001ad68800 JavaThread "stderr" daemon [_thread_in_native, id=78552, stack(0x0000000025b50000,0x0000000025c50000)]
  0x000000001ad66800 JavaThread "stdout" daemon [_thread_in_native, id=91064, stack(0x0000000025a50000,0x0000000025b50000)]
  0x000000001ad68000 JavaThread "stderr" daemon [_thread_in_native, id=70528, stack(0x0000000025950000,0x0000000025a50000)]
  0x000000001ad65800 JavaThread "stdout" daemon [_thread_in_native, id=80908, stack(0x0000000025850000,0x0000000025950000)]
  0x000000001ad67000 JavaThread "stderr" daemon [_thread_in_native, id=91460, stack(0x0000000025750000,0x0000000025850000)]
  0x000000001ad64000 JavaThread "stdout" daemon [_thread_in_native, id=94172, stack(0x0000000025650000,0x0000000025750000)]
  0x000000001b823800 JavaThread "stderr" daemon [_thread_in_native, id=84632, stack(0x0000000025550000,0x0000000025650000)]
  0x000000001b822000 JavaThread "stdout" daemon [_thread_in_native, id=93740, stack(0x0000000025350000,0x0000000025450000)]
  0x000000001b821000 JavaThread "stderr" daemon [_thread_in_native, id=92524, stack(0x0000000025250000,0x0000000025350000)]
  0x000000001b820800 JavaThread "stdout" daemon [_thread_in_native, id=92832, stack(0x0000000025150000,0x0000000025250000)]
  0x000000001b81f800 JavaThread "stderr" daemon [_thread_in_native, id=82416, stack(0x0000000025050000,0x0000000025150000)]
  0x000000001b818000 JavaThread "stdout" daemon [_thread_in_native, id=71980, stack(0x0000000024f50000,0x0000000025050000)]
  0x000000001b81f000 JavaThread "stderr" daemon [_thread_in_native, id=93112, stack(0x0000000024e50000,0x0000000024f50000)]
  0x000000001b81e000 JavaThread "stdout" daemon [_thread_in_native, id=89296, stack(0x0000000024d50000,0x0000000024e50000)]
  0x000000001b816800 JavaThread "stderr" daemon [_thread_in_native, id=46820, stack(0x0000000024c50000,0x0000000024d50000)]
  0x000000001b81d800 JavaThread "stdout" daemon [_thread_in_native, id=89976, stack(0x0000000024b50000,0x0000000024c50000)]
  0x000000001b816000 JavaThread "stderr" daemon [_thread_in_native, id=93704, stack(0x0000000024a50000,0x0000000024b50000)]
  0x000000001b819000 JavaThread "stdout" daemon [_thread_in_native, id=93576, stack(0x0000000024950000,0x0000000024a50000)]
  0x000000001b81c800 JavaThread "stderr" daemon [_thread_in_native, id=90520, stack(0x0000000024850000,0x0000000024950000)]
  0x000000001b815000 JavaThread "stdout" daemon [_thread_in_native, id=92196, stack(0x0000000024750000,0x0000000024850000)]
  0x000000001b81c000 JavaThread "stderr" daemon [_thread_in_native, id=76212, stack(0x0000000024650000,0x0000000024750000)]
  0x000000001b814800 JavaThread "stdout" daemon [_thread_in_native, id=80060, stack(0x0000000024550000,0x0000000024650000)]
  0x000000001b81b000 JavaThread "stderr" daemon [_thread_in_native, id=92864, stack(0x0000000024450000,0x0000000024550000)]
  0x000000001b817800 JavaThread "stdout" daemon [_thread_in_native, id=76428, stack(0x0000000024350000,0x0000000024450000)]
  0x000000001b81a800 JavaThread "stderr" daemon [_thread_in_native, id=90652, stack(0x0000000024250000,0x0000000024350000)]
  0x000000001b819800 JavaThread "png-cruncher_20" daemon [_thread_blocked, id=93692, stack(0x0000000024150000,0x0000000024250000)]
  0x000000001c52c000 JavaThread "png-cruncher_19" daemon [_thread_blocked, id=93616, stack(0x0000000024050000,0x0000000024150000)]
  0x0000000018bcf800 JavaThread "png-cruncher_18" daemon [_thread_blocked, id=10860, stack(0x0000000023f50000,0x0000000024050000)]
  0x0000000018bd2800 JavaThread "png-cruncher_17" daemon [_thread_blocked, id=86364, stack(0x0000000023e50000,0x0000000023f50000)]
  0x0000000018bd1000 JavaThread "png-cruncher_16" daemon [_thread_blocked, id=74412, stack(0x0000000023d50000,0x0000000023e50000)]
  0x0000000018bcf000 JavaThread "png-cruncher_15" daemon [_thread_blocked, id=92972, stack(0x0000000023c50000,0x0000000023d50000)]
  0x0000000018bce000 JavaThread "png-cruncher_14" daemon [_thread_blocked, id=90296, stack(0x0000000023b50000,0x0000000023c50000)]
  0x0000000018bd2000 JavaThread "png-cruncher_13" daemon [_thread_blocked, id=83516, stack(0x0000000023a50000,0x0000000023b50000)]
  0x0000000018bcd800 JavaThread "png-cruncher_12" daemon [_thread_blocked, id=93108, stack(0x0000000023950000,0x0000000023a50000)]
  0x0000000018bd0800 JavaThread "png-cruncher_11" daemon [_thread_blocked, id=78496, stack(0x0000000023850000,0x0000000023950000)]
  0x0000000018bca800 JavaThread "png-cruncher_10" daemon [_thread_blocked, id=84524, stack(0x0000000023750000,0x0000000023850000)]
  0x0000000018bcc800 JavaThread "png-cruncher_9" daemon [_thread_blocked, id=67972, stack(0x0000000023650000,0x0000000023750000)]
  0x0000000018bc5000 JavaThread "png-cruncher_8" daemon [_thread_blocked, id=68272, stack(0x0000000023550000,0x0000000023650000)]
  0x0000000018bc9800 JavaThread "png-cruncher_7" daemon [_thread_blocked, id=55096, stack(0x0000000023450000,0x0000000023550000)]
  0x0000000018bcb000 JavaThread "png-cruncher_6" daemon [_thread_blocked, id=92828, stack(0x0000000023350000,0x0000000023450000)]
  0x0000000018bc9000 JavaThread "png-cruncher_5" daemon [_thread_blocked, id=93572, stack(0x0000000023250000,0x0000000023350000)]
  0x0000000018bcc000 JavaThread "png-cruncher_4" daemon [_thread_blocked, id=80032, stack(0x0000000023150000,0x0000000023250000)]
  0x0000000018bc4000 JavaThread "png-cruncher_3" daemon [_thread_blocked, id=92908, stack(0x0000000023050000,0x0000000023150000)]
  0x0000000018bc8000 JavaThread "png-cruncher_2" daemon [_thread_blocked, id=87108, stack(0x0000000022f50000,0x0000000023050000)]
  0x0000000018bc7000 JavaThread "png-cruncher_1" daemon [_thread_blocked, id=58876, stack(0x0000000022e50000,0x0000000022f50000)]
  0x0000000018bc6800 JavaThread "pool-4-thread-4" [_thread_blocked, id=66336, stack(0x0000000022d50000,0x0000000022e50000)]
  0x0000000018bc5800 JavaThread "pool-4-thread-3" [_thread_blocked, id=88868, stack(0x0000000022c50000,0x0000000022d50000)]
  0x0000000018bc3800 JavaThread "pool-4-thread-2" [_thread_blocked, id=73036, stack(0x0000000022b50000,0x0000000022c50000)]
  0x000000001c52d800 JavaThread "pool-4-thread-1" [_thread_blocked, id=70284, stack(0x0000000022a50000,0x0000000022b50000)]
  0x000000001ac8b800 JavaThread "Stdin handler" [_thread_blocked, id=89792, stack(0x0000000022950000,0x0000000022a50000)]
  0x000000001ac8a800 JavaThread "Asynchronous log dispatcher for org.gradle.launcher.daemon.server.DefaultDaemonConnection@29553eb2" [_thread_blocked, id=67304, stack(0x0000000022850000,0x0000000022950000)]
  0x000000001ac8a000 JavaThread "Cancel handler" [_thread_blocked, id=2320, stack(0x0000000022750000,0x0000000022850000)]
  0x000000001ac89000 JavaThread "Handler for socket connection from /127.0.0.1:42294 to /127.0.0.1:43492" [_thread_in_native, id=85688, stack(0x0000000022650000,0x0000000022750000)]
  0x000000001ac8d000 JavaThread "Daemon worker Thread 2" [_thread_in_native, id=82600, stack(0x0000000022350000,0x0000000022450000)]
  0x000000001ac8e800 JavaThread "Daemon Thread 2" [_thread_blocked, id=88828, stack(0x0000000022050000,0x0000000022150000)]
  0x00000000186ef000 JavaThread "File lock request listener" [_thread_in_native, id=93880, stack(0x000000001bac0000,0x000000001bbc0000)]
  0x00000000187ab000 JavaThread "pool-1-thread-1" [_thread_blocked, id=93492, stack(0x0000000019df0000,0x0000000019ef0000)]
  0x0000000018620000 JavaThread "Incoming local TCP Connector on port 42294" [_thread_in_native, id=64440, stack(0x0000000019700000,0x0000000019800000)]
  0x00000000175f5000 JavaThread "Service Thread" daemon [_thread_blocked, id=92364, stack(0x00000000179f0000,0x0000000017af0000)]
  0x0000000015ceb800 JavaThread "C1 CompilerThread2" daemon [_thread_blocked, id=67000, stack(0x00000000174f0000,0x00000000175f0000)]
=>0x0000000015c8f000 JavaThread "C2 CompilerThread1" daemon [_thread_in_native, id=80576, stack(0x00000000173f0000,0x00000000174f0000)]
  0x0000000015c8d000 JavaThread "C2 CompilerThread0" daemon [_thread_in_native, id=81396, stack(0x00000000172f0000,0x00000000173f0000)]
  0x0000000015c8b800 JavaThread "Attach Listener" daemon [_thread_blocked, id=91868, stack(0x00000000171f0000,0x00000000172f0000)]
  0x0000000015c8a000 JavaThread "Signal Dispatcher" daemon [_thread_blocked, id=86868, stack(0x00000000170f0000,0x00000000171f0000)]
  0x0000000015c78800 JavaThread "Finalizer" daemon [_thread_blocked, id=76248, stack(0x0000000016ee0000,0x0000000016fe0000)]
  0x0000000002310000 JavaThread "Reference Handler" daemon [_thread_blocked, id=89848, stack(0x0000000016de0000,0x0000000016ee0000)]
  0x0000000002221000 JavaThread "main" [_thread_blocked, id=62572, stack(0x0000000002120000,0x0000000002220000)]

Other Threads:
  0x0000000015c56800 VMThread [stack: 0x0000000016ce0000,0x0000000016de0000] [id=88052]
  0x00000000175f6000 WatcherThread [stack: 0x0000000017af0000,0x0000000017bf0000] [id=91180]

VM state:not at safepoint (normal execution)

VM Mutex/Monitor currently owned by a thread: None

Heap:
 PSYoungGen      total 271872K, used 144703K [0x00000000e0000000, 0x00000000f2680000, 0x0000000100000000)
  eden space 248320K, 50% used [0x00000000e0000000,0x00000000e79d6b68,0x00000000ef280000)
  from space 23552K, 84% used [0x00000000f0b00000,0x00000000f1e790a0,0x00000000f2200000)
  to   space 25088K, 0% used [0x00000000ef280000,0x00000000ef280000,0x00000000f0b00000)
 ParOldGen       total 99840K, used 50449K [0x00000000a0000000, 0x00000000a6180000, 0x00000000e0000000)
  object space 99840K, 50% used [0x00000000a0000000,0x00000000a3144418,0x00000000a6180000)
 Metaspace       used 61063K, capacity 63704K, committed 64048K, reserved 1103872K
  class space    used 8054K, capacity 8629K, committed 8752K, reserved 1048576K

Card table byte_map: [0x00000000116e0000,0x00000000119f0000] byte_map_base: 0x00000000111e0000

Marking Bits: (ParMarkBitMap*) 0x0000000053ca9d00
 Begin Bits: [0x0000000011ff0000, 0x00000000137f0000)
 End Bits:   [0x00000000137f0000, 0x0000000014ff0000)

Polling page: 0x0000000000460000

CodeCache: size=245760Kb used=32078Kb max_used=32078Kb free=213681Kb
 bounds [0x0000000002320000, 0x00000000042a0000, 0x0000000011320000]
 total_blobs=10013 nmethods=9278 adapters=647
 compilation: enabled

Compilation events (10 events):
Event: 867.539 Thread 0x0000000015ceb800 10989 %     3       sun.nio.cs.UTF_8$Encoder::encodeArrayLoop @ 109 (489 bytes)
Event: 867.539 Thread 0x0000000015c8d000 nmethod 10958% 0x0000000004287f90 code [0x0000000004288440, 0x000000000428ac50]
Event: 867.539 Thread 0x0000000015c8d000 10988       4       com.android.utils.XmlUtils::append (540 bytes)
Event: 867.541 Thread 0x0000000015c8f000 nmethod 10983 0x0000000003f8c150 code [0x0000000003f8c300, 0x0000000003f8ca68]
Event: 867.541 Thread 0x0000000015c8f000 10984       4       com.android.ide.common.res2.NodeUtils::duplicateNode (315 bytes)
Event: 867.542 Thread 0x0000000015ceb800 nmethod 10989% 0x000000000428c8d0 code [0x000000000428ce60, 0x0000000004290788]
Event: 867.545 Thread 0x0000000015ceb800 10991       3       sun.nio.cs.UTF_8$Encoder::encodeArrayLoop (489 bytes)
Event: 867.548 Thread 0x0000000015ceb800 nmethod 10991 0x0000000004293210 code [0x0000000004293780, 0x0000000004296de8]
Event: 867.555 Thread 0x0000000015ceb800 10993   !   3       java.nio.charset.CharsetEncoder::encode (285 bytes)
Event: 867.557 Thread 0x0000000015ceb800 nmethod 10993 0x0000000003217c90 code [0x0000000003217f60, 0x0000000003219538]

GC Heap History (10 events):
Event: 15.565 GC heap before
{Heap before GC invocations=12 (full 3):
 PSYoungGen      total 227328K, used 17960K [0x00000000e0000000, 0x00000000eff00000, 0x0000000100000000)
  eden space 204288K, 0% used [0x00000000e0000000,0x00000000e0000000,0x00000000ec780000)
  from space 23040K, 77% used [0x00000000ec780000,0x00000000ed90a310,0x00000000ede00000)
  to   space 24576K, 0% used [0x00000000ee700000,0x00000000ee700000,0x00000000eff00000)
 ParOldGen       total 99840K, used 33084K [0x00000000a0000000, 0x00000000a6180000, 0x00000000e0000000)
  object space 99840K, 33% used [0x00000000a0000000,0x00000000a204f178,0x00000000a6180000)
 Metaspace       used 51696K, capacity 53654K, committed 53680K, reserved 1095680K
  class space    used 7107K, capacity 7576K, committed 7600K, reserved 1048576K
Event: 15.847 GC heap after
Heap after GC invocations=12 (full 3):
 PSYoungGen      total 227328K, used 0K [0x00000000e0000000, 0x00000000eff00000, 0x0000000100000000)
  eden space 204288K, 0% used [0x00000000e0000000,0x00000000e0000000,0x00000000ec780000)
  from space 23040K, 0% used [0x00000000ec780000,0x00000000ec780000,0x00000000ede00000)
  to   space 24576K, 0% used [0x00000000ee700000,0x00000000ee700000,0x00000000eff00000)
 ParOldGen       total 99840K, used 43678K [0x00000000a0000000, 0x00000000a6180000, 0x00000000e0000000)
  object space 99840K, 43% used [0x00000000a0000000,0x00000000a2aa7ae0,0x00000000a6180000)
 Metaspace       used 51696K, capacity 53654K, committed 53680K, reserved 1095680K
  class space    used 7107K, capacity 7576K, committed 7600K, reserved 1048576K
}
Event: 827.964 GC heap before
{Heap before GC invocations=13 (full 3):
 PSYoungGen      total 227328K, used 204288K [0x00000000e0000000, 0x00000000eff00000, 0x0000000100000000)
  eden space 204288K, 100% used [0x00000000e0000000,0x00000000ec780000,0x00000000ec780000)
  from space 23040K, 0% used [0x00000000ec780000,0x00000000ec780000,0x00000000ede00000)
  to   space 24576K, 0% used [0x00000000ee700000,0x00000000ee700000,0x00000000eff00000)
 ParOldGen       total 99840K, used 43678K [0x00000000a0000000, 0x00000000a6180000, 0x00000000e0000000)
  object space 99840K, 43% used [0x00000000a0000000,0x00000000a2aa7ae0,0x00000000a6180000)
 Metaspace       used 54761K, capacity 57034K, committed 57136K, reserved 1097728K
  class space    used 7427K, capacity 7904K, committed 7984K, reserved 1048576K
Event: 827.973 GC heap after
Heap after GC invocations=13 (full 3):
 PSYoungGen      total 236544K, used 5492K [0x00000000e0000000, 0x00000000f2400000, 0x0000000100000000)
  eden space 211968K, 0% used [0x00000000e0000000,0x00000000e0000000,0x00000000ecf00000)
  from space 24576K, 22% used [0x00000000ee700000,0x00000000eec5d1f0,0x00000000eff00000)
  to   space 24576K, 0% used [0x00000000ecf00000,0x00000000ecf00000,0x00000000ee700000)
 ParOldGen       total 99840K, used 43686K [0x00000000a0000000, 0x00000000a6180000, 0x00000000e0000000)
  object space 99840K, 43% used [0x00000000a0000000,0x00000000a2aa9ae0,0x00000000a6180000)
 Metaspace       used 54761K, capacity 57034K, committed 57136K, reserved 1097728K
  class space    used 7427K, capacity 7904K, committed 7984K, reserved 1048576K
}
Event: 833.230 GC heap before
{Heap before GC invocations=14 (full 3):
 PSYoungGen      total 236544K, used 114961K [0x00000000e0000000, 0x00000000f2400000, 0x0000000100000000)
  eden space 211968K, 51% used [0x00000000e0000000,0x00000000e6ae7498,0x00000000ecf00000)
  from space 24576K, 22% used [0x00000000ee700000,0x00000000eec5d1f0,0x00000000eff00000)
  to   space 24576K, 0% used [0x00000000ecf00000,0x00000000ecf00000,0x00000000ee700000)
 ParOldGen       total 99840K, used 43686K [0x00000000a0000000, 0x00000000a6180000, 0x00000000e0000000)
  object space 99840K, 43% used [0x00000000a0000000,0x00000000a2aa9ae0,0x00000000a6180000)
 Metaspace       used 58620K, capacity 61180K, committed 61488K, reserved 1101824K
  class space    used 7867K, capacity 8401K, committed 8496K, reserved 1048576K
Event: 833.268 GC heap after
Heap after GC invocations=14 (full 3):
 PSYoungGen      total 236544K, used 10941K [0x00000000e0000000, 0x00000000f2200000, 0x0000000100000000)
  eden space 211968K, 0% used [0x00000000e0000000,0x00000000e0000000,0x00000000ecf00000)
  from space 24576K, 44% used [0x00000000ecf00000,0x00000000ed9af750,0x00000000ee700000)
  to   space 23552K, 0% used [0x00000000f0b00000,0x00000000f0b00000,0x00000000f2200000)
 ParOldGen       total 99840K, used 43694K [0x00000000a0000000, 0x00000000a6180000, 0x00000000e0000000)
  object space 99840K, 43% used [0x00000000a0000000,0x00000000a2aabae0,0x00000000a6180000)
 Metaspace       used 58620K, capacity 61180K, committed 61488K, reserved 1101824K
  class space    used 7867K, capacity 8401K, committed 8496K, reserved 1048576K
}
Event: 833.268 GC heap before
{Heap before GC invocations=15 (full 4):
 PSYoungGen      total 236544K, used 10941K [0x00000000e0000000, 0x00000000f2200000, 0x0000000100000000)
  eden space 211968K, 0% used [0x00000000e0000000,0x00000000e0000000,0x00000000ecf00000)
  from space 24576K, 44% used [0x00000000ecf00000,0x00000000ed9af750,0x00000000ee700000)
  to   space 23552K, 0% used [0x00000000f0b00000,0x00000000f0b00000,0x00000000f2200000)
 ParOldGen       total 99840K, used 43694K [0x00000000a0000000, 0x00000000a6180000, 0x00000000e0000000)
  object space 99840K, 43% used [0x00000000a0000000,0x00000000a2aabae0,0x00000000a6180000)
 Metaspace       used 58620K, capacity 61180K, committed 61488K, reserved 1101824K
  class space    used 7867K, capacity 8401K, committed 8496K, reserved 1048576K
Event: 833.808 GC heap after
Heap after GC invocations=15 (full 4):
 PSYoungGen      total 236544K, used 0K [0x00000000e0000000, 0x00000000f2200000, 0x0000000100000000)
  eden space 211968K, 0% used [0x00000000e0000000,0x00000000e0000000,0x00000000ecf00000)
  from space 24576K, 0% used [0x00000000ecf00000,0x00000000ecf00000,0x00000000ee700000)
  to   space 23552K, 0% used [0x00000000f0b00000,0x00000000f0b00000,0x00000000f2200000)
 ParOldGen       total 99840K, used 50441K [0x00000000a0000000, 0x00000000a6180000, 0x00000000e0000000)
  object space 99840K, 50% used [0x00000000a0000000,0x00000000a3142418,0x00000000a6180000)
 Metaspace       used 58593K, capacity 61092K, committed 61488K, reserved 1101824K
  class space    used 7859K, capacity 8393K, committed 8496K, reserved 1048576K
}
Event: 856.207 GC heap before
{Heap before GC invocations=16 (full 4):
 PSYoungGen      total 236544K, used 211968K [0x00000000e0000000, 0x00000000f2200000, 0x0000000100000000)
  eden space 211968K, 100% used [0x00000000e0000000,0x00000000ecf00000,0x00000000ecf00000)
  from space 24576K, 0% used [0x00000000ecf00000,0x00000000ecf00000,0x00000000ee700000)
  to   space 23552K, 0% used [0x00000000f0b00000,0x00000000f0b00000,0x00000000f2200000)
 ParOldGen       total 99840K, used 50441K [0x00000000a0000000, 0x00000000a6180000, 0x00000000e0000000)
  object space 99840K, 50% used [0x00000000a0000000,0x00000000a3142418,0x00000000a6180000)
 Metaspace       used 60319K, capacity 62948K, committed 63152K, reserved 1103872K
  class space    used 7995K, capacity 8557K, committed 8624K, reserved 1048576K
Event: 856.228 GC heap after
Heap after GC invocations=16 (full 4):
 PSYoungGen      total 271872K, used 19940K [0x00000000e0000000, 0x00000000f2680000, 0x0000000100000000)
  eden space 248320K, 0% used [0x00000000e0000000,0x00000000e0000000,0x00000000ef280000)
  from space 23552K, 84% used [0x00000000f0b00000,0x00000000f1e790a0,0x00000000f2200000)
  to   space 25088K, 0% used [0x00000000ef280000,0x00000000ef280000,0x00000000f0b00000)
 ParOldGen       total 99840K, used 50449K [0x00000000a0000000, 0x00000000a6180000, 0x00000000e0000000)
  object space 99840K, 50% used [0x00000000a0000000,0x00000000a3144418,0x00000000a6180000)
 Metaspace       used 60319K, capacity 62948K, committed 63152K, reserved 1103872K
  class space    used 7995K, capacity 8557K, committed 8624K, reserved 1048576K
}

Deoptimization events (10 events):
Event: 867.495 Thread 0x000000001ac8d000 Uncommon trap: reason=bimorphic action=maybe_recompile pc=0x00000000040d2538 method=com.sun.org.apache.xerces.internal.dom.NodeImpl.ownerDocument()Lcom/sun/org/apache/xerces/internal/dom/CoreDocumentImpl; @ 11
Event: 867.495 Thread 0x000000001ac8d000 Uncommon trap: reason=bimorphic action=maybe_recompile pc=0x00000000040d2538 method=com.sun.org.apache.xerces.internal.dom.NodeImpl.ownerDocument()Lcom/sun/org/apache/xerces/internal/dom/CoreDocumentImpl; @ 11
Event: 867.495 Thread 0x000000001ac8d000 Uncommon trap: reason=bimorphic action=maybe_recompile pc=0x00000000040d2538 method=com.sun.org.apache.xerces.internal.dom.NodeImpl.ownerDocument()Lcom/sun/org/apache/xerces/internal/dom/CoreDocumentImpl; @ 11
Event: 867.495 Thread 0x000000001ac8d000 Uncommon trap: reason=bimorphic action=maybe_recompile pc=0x00000000040d2538 method=com.sun.org.apache.xerces.internal.dom.NodeImpl.ownerDocument()Lcom/sun/org/apache/xerces/internal/dom/CoreDocumentImpl; @ 11
Event: 867.503 Thread 0x000000001ac8d000 Uncommon trap: reason=unstable_if action=reinterpret pc=0x00000000037de0c8 method=com.sun.org.apache.xerces.internal.dom.ParentNode.checkNormalizationAfterInsert(Lcom/sun/org/apache/xerces/internal/dom/ChildNode;)V @ 27
Event: 867.504 Thread 0x000000001ac8d000 Uncommon trap: reason=unstable_if action=reinterpret pc=0x0000000003624208 method=com.sun.org.apache.xerces.internal.dom.ParentNode.checkNormalizationAfterInsert(Lcom/sun/org/apache/xerces/internal/dom/ChildNode;)V @ 27
Event: 867.519 Thread 0x000000001ac8d000 Uncommon trap: reason=unstable_if action=reinterpret pc=0x000000000424bd70 method=com.android.utils.XmlUtils.append(Lcom/android/utils/XmlUtils$PositionAwareStringBuilder;Lorg/w3c/dom/Node;Ljava/util/Map;)V @ 450
Event: 867.519 Thread 0x000000001ac8d000 Uncommon trap: reason=unstable_if action=reinterpret pc=0x000000000424bd70 method=com.android.utils.XmlUtils.append(Lcom/android/utils/XmlUtils$PositionAwareStringBuilder;Lorg/w3c/dom/Node;Ljava/util/Map;)V @ 450
Event: 867.536 Thread 0x000000001ac8d000 Uncommon trap: reason=unstable_if action=reinterpret pc=0x000000000424bd70 method=com.android.utils.XmlUtils.append(Lcom/android/utils/XmlUtils$PositionAwareStringBuilder;Lorg/w3c/dom/Node;Ljava/util/Map;)V @ 450
Event: 867.539 Thread 0x000000001ac8d000 Uncommon trap: reason=unstable_if action=reinterpret pc=0x000000000422ccd0 method=sun.nio.cs.UTF_8$Encoder.encodeArrayLoop(Ljava/nio/CharBuffer;Ljava/nio/ByteBuffer;)Ljava/nio/charset/CoderResult; @ 400

Internal exceptions (10 events):
Event: 844.837 Thread 0x000000001ac8d000 Exception <a 'sun/nio/fs/WindowsException'> (0x00000000e51b33b0) thrown at [C:\src\android\AOSP-openjdk\external\jetbrains\jdk\hotspot\src\share\vm\prims\jni.cpp, line 709]
Event: 848.369 Thread 0x000000001ac8d000 Exception <a 'java/lang/ClassNotFoundException': com/android/build/gradle/internal/LibraryCache$1BeanInfo> (0x00000000e72ca5a0) thrown at [C:\src\android\AOSP-openjdk\external\jetbrains\jdk\hotspot\src\share\vm\classfile\systemDictionary.cpp, line 210]
Event: 848.370 Thread 0x000000001ac8d000 Exception <a 'java/lang/ClassNotFoundException': com/android/build/gradle/internal/LibraryCache$1Customizer> (0x00000000e72dae60) thrown at [C:\src\android\AOSP-openjdk\external\jetbrains\jdk\hotspot\src\share\vm\classfile\systemDictionary.cpp, line 210]
Event: 853.168 Thread 0x000000001ac8d000 Implicit null exception at 0x0000000003fc815a to 0x0000000003fc81ad
Event: 855.864 Thread 0x000000001ac8d000 Implicit null exception at 0x0000000004154f8a to 0x000000000415572b
Event: 857.095 Thread 0x000000001ac8d000 Implicit null exception at 0x000000000363312d to 0x0000000003634d71
Event: 857.533 Thread 0x000000001ac8d000 Implicit null exception at 0x000000000421a8d7 to 0x000000000421ac1d
Event: 867.519 Thread 0x000000001ac8d000 Implicit null exception at 0x000000000424cf46 to 0x000000000424bd51
Event: 867.519 Thread 0x000000001ac8d000 Implicit null exception at 0x000000000424cf46 to 0x000000000424bd51
Event: 867.536 Thread 0x000000001ac8d000 Implicit null exception at 0x000000000424cf46 to 0x000000000424bd51

Events (10 events):
Event: 867.519 Thread 0x000000001ac8d000 DEOPT UNPACKING pc=0x000000000236556a sp=0x000000002244bef8 mode 2
Event: 867.519 Thread 0x000000001ac8d000 Uncommon trap: trap_request=0xffffff65 fr.pc=0x000000000424bd70
Event: 867.519 Thread 0x000000001ac8d000 DEOPT PACKING pc=0x000000000424bd70 sp=0x000000002244bff0
Event: 867.519 Thread 0x000000001ac8d000 DEOPT UNPACKING pc=0x000000000236556a sp=0x000000002244bff8 mode 2
Event: 867.536 Thread 0x000000001ac8d000 Uncommon trap: trap_request=0xffffff65 fr.pc=0x000000000424bd70
Event: 867.536 Thread 0x000000001ac8d000 DEOPT PACKING pc=0x000000000424bd70 sp=0x000000002244c0f0
Event: 867.536 Thread 0x000000001ac8d000 DEOPT UNPACKING pc=0x000000000236556a sp=0x000000002244c0f8 mode 2
Event: 867.539 Thread 0x000000001ac8d000 Uncommon trap: trap_request=0xffffff65 fr.pc=0x000000000422ccd0
Event: 867.539 Thread 0x000000001ac8d000 DEOPT PACKING pc=0x000000000422ccd0 sp=0x000000002244c0a0
Event: 867.539 Thread 0x000000001ac8d000 DEOPT UNPACKING pc=0x000000000236556a sp=0x000000002244c010 mode 2


Dynamic libraries:
0x00007ff6c6ed0000 - 0x00007ff6c6f01000 	C:\Program Files\Android\Android Studio\jre\bin\java.exe
0x00007fff396a0000 - 0x00007fff39871000 	C:\WINDOWS\SYSTEM32\ntdll.dll
0x00007fff38240000 - 0x00007fff382ec000 	C:\WINDOWS\System32\KERNEL32.DLL
0x00007fff36570000 - 0x00007fff3678d000 	C:\WINDOWS\System32\KERNELBASE.dll
0x00007fff384c0000 - 0x00007fff38562000 	C:\WINDOWS\System32\ADVAPI32.dll
0x00007fff38df0000 - 0x00007fff38e8e000 	C:\WINDOWS\System32\msvcrt.dll
0x00007fff38d90000 - 0x00007fff38de9000 	C:\WINDOWS\System32\sechost.dll
0x00007fff39570000 - 0x00007fff39691000 	C:\WINDOWS\System32\RPCRT4.dll
0x00007fff38b80000 - 0x00007fff38ce5000 	C:\WINDOWS\System32\USER32.dll
0x00007fff36940000 - 0x00007fff3695e000 	C:\WINDOWS\System32\win32u.dll
0x00007fff38f90000 - 0x00007fff38fc4000 	C:\WINDOWS\System32\GDI32.dll
0x00007fff363f0000 - 0x00007fff36570000 	C:\WINDOWS\System32\gdi32full.dll
0x00007fff22c50000 - 0x00007fff22eca000 	C:\WINDOWS\WinSxS\amd64_microsoft.windows.common-controls_6595b64144ccf1df_6.0.14393.953_none_42151e83c686086b\COMCTL32.dll
0x00007fff38fd0000 - 0x00007fff39298000 	C:\WINDOWS\System32\combase.dll
0x00007fff36840000 - 0x00007fff36935000 	C:\WINDOWS\System32\ucrtbase.dll
0x00007fff36280000 - 0x00007fff362ea000 	C:\WINDOWS\System32\bcryptPrimitives.dll
0x00007fff381b0000 - 0x00007fff381de000 	C:\WINDOWS\System32\IMM32.DLL
0x0000000053380000 - 0x0000000053452000 	C:\Program Files\Android\Android Studio\jre\jre\bin\msvcr100.dll
0x00000000534f0000 - 0x0000000053d24000 	C:\Program Files\Android\Android Studio\jre\jre\bin\server\jvm.dll
0x00007fff36c30000 - 0x00007fff36c38000 	C:\WINDOWS\System32\PSAPI.DLL
0x00007fff25210000 - 0x00007fff25219000 	C:\WINDOWS\SYSTEM32\WSOCK32.dll
0x00007fff392a0000 - 0x00007fff3930a000 	C:\WINDOWS\System32\WS2_32.dll
0x00007fff339c0000 - 0x00007fff339e3000 	C:\WINDOWS\SYSTEM32\WINMM.dll
0x00007fff271b0000 - 0x00007fff271ba000 	C:\WINDOWS\SYSTEM32\VERSION.dll
0x00007fff33990000 - 0x00007fff339bb000 	C:\WINDOWS\SYSTEM32\WINMMBASE.dll
0x00007fff36960000 - 0x00007fff369a2000 	C:\WINDOWS\System32\cfgmgr32.dll
0x00007fff33cf0000 - 0x00007fff33cff000 	C:\Program Files\Android\Android Studio\jre\jre\bin\verify.dll
0x00007fff29fc0000 - 0x00007fff29fe9000 	C:\Program Files\Android\Android Studio\jre\jre\bin\java.dll
0x00007fff2a1b0000 - 0x00007fff2a1c6000 	C:\Program Files\Android\Android Studio\jre\jre\bin\zip.dll
0x00007fff36c40000 - 0x00007fff38148000 	C:\WINDOWS\System32\SHELL32.dll
0x00007fff35ba0000 - 0x00007fff3627a000 	C:\WINDOWS\System32\windows.storage.dll
0x00007fff35b40000 - 0x00007fff35b8c000 	C:\WINDOWS\System32\powrprof.dll
0x00007fff38150000 - 0x00007fff381a2000 	C:\WINDOWS\System32\shlwapi.dll
0x00007fff35b10000 - 0x00007fff35b1f000 	C:\WINDOWS\System32\kernel.appcore.dll
0x00007fff36790000 - 0x00007fff36839000 	C:\WINDOWS\System32\shcore.dll
0x00007fff35b20000 - 0x00007fff35b34000 	C:\WINDOWS\System32\profapi.dll
0x00007fff28a80000 - 0x00007fff28a9a000 	C:\Program Files\Android\Android Studio\jre\jre\bin\net.dll
0x00007fff35440000 - 0x00007fff3549c000 	C:\WINDOWS\system32\mswsock.dll
0x00007fff22ff0000 - 0x00007fff23001000 	C:\Program Files\Android\Android Studio\jre\jre\bin\nio.dll
0x00007fff163b0000 - 0x00007fff163c2000 	C:\Users\Zareh Hakobian\.gradle\native\19\windows-amd64\native-platform.dll
0x00007fff355f0000 - 0x00007fff35607000 	C:\WINDOWS\SYSTEM32\CRYPTSP.dll
0x00007fff34fe0000 - 0x00007fff35013000 	C:\WINDOWS\system32\rsaenh.dll
0x00007fff356f0000 - 0x00007fff3571b000 	C:\WINDOWS\SYSTEM32\bcrypt.dll
0x00007fff35210000 - 0x00007fff3522f000 	C:\WINDOWS\SYSTEM32\USERENV.dll
0x00007fff355e0000 - 0x00007fff355eb000 	C:\WINDOWS\SYSTEM32\CRYPTBASE.dll
0x00007fff351c0000 - 0x00007fff351f8000 	C:\WINDOWS\SYSTEM32\IPHLPAPI.DLL
0x00007fff38490000 - 0x00007fff38498000 	C:\WINDOWS\System32\NSI.dll
0x00007fff315b0000 - 0x00007fff315c6000 	C:\WINDOWS\SYSTEM32\dhcpcsvc6.DLL
0x00007fff314f0000 - 0x00007fff3150a000 	C:\WINDOWS\SYSTEM32\dhcpcsvc.DLL
0x00007fff33850000 - 0x00007fff3385d000 	C:\Program Files\Android\Android Studio\jre\jre\bin\management.dll

VM Arguments:
jvm_args: -Xmx1536m -Dfile.encoding=windows-1252 -Duser.country=AT -Duser.language=de -Duser.variant 
java_command: org.gradle.launcher.daemon.bootstrap.GradleDaemon 2.14.1
java_class_path (initial): C:\Program Files\Android\Android Studio\gradle\gradle-2.14.1\lib\gradle-launcher-2.14.1.jar
Launcher Type: SUN_STANDARD

Environment Variables:
PATH=C:\ProgramData\Oracle\Java\javapath;C:\Program Files (x86)\Lenovo\FusionEngine;C:\Windows\system32;C:\Windows;C:\Windows\System32\Wbem;C:\Windows\System32\WindowsPowerShell\v1.0\;C:\Program Files (x86)\Common Files\lenovo\easyplussdk\bin;C:\Program Files (x86)\NVIDIA Corporation\PhysX\Common;C:\Program Files\Intel\WiFi\bin\;C:\Program Files\Common Files\Intel\WirelessCommon\;C:\Program Files (x86)\GtkSharp\2.12\bin;C:\Program Files\Microsoft SQL Server\120\Tools\Binn\;C:\Program Files\Microsoft SQL Server\130\Tools\Binn\;C:\WINDOWS\system32;C:\WINDOWS;C:\WINDOWS\System32\Wbem;C:\WINDOWS\System32\WindowsPowerShell\v1.0\;C:\Program Files\dotnet\;C:\Program Files\nodejs\;C:\Users\Zareh Hakobian\AppData\Local\Microsoft\WindowsApps;C:\Users\Zareh Hakobian\AppData\Roaming\npm
USERNAME=Zareh Hakobian
OS=Windows_NT
PROCESSOR_IDENTIFIER=Intel64 Family 6 Model 61 Stepping 4, GenuineIntel



---------------  S Y S T E M  ---------------

OS: Windows 10.0 , 64 bit Build 14393 (10.0.14393.1198)

CPU:total 4 (2 cores per cpu, 2 threads per core) family 6 model 61 stepping 4, cmov, cx8, fxsr, mmx, sse, sse2, sse3, ssse3, sse4.1, sse4.2, popcnt, avx, avx2, aes, clmul, erms, 3dnowpref, lzcnt, ht, tsc, tscinvbit, bmi1, bmi2, adx

Memory: 4k page, physical 8301008k(1162732k free), swap 33466832k(4620k free)

vm_info: OpenJDK 64-Bit Server VM (25.76-b03) for windows-amd64 JRE (1.8.0_76-release-b03), built on Jun 29 2016 19:09:20 by "ralucas" with MS VC++ 10.0 (VS2010)

time: Wed Jul 12 15:33:23 2017
elapsed time: 867 seconds (0d 0h 14m 27s)

